2025-05-29 19:23:23,572 - INFO - 共找到 797 个nc文件待处理
2025-05-29 19:23:23,579 - INFO - 共找到 21 个不同的流域
2025-05-29 19:23:23,579 - INFO - 处理流域 50406910，共 28 个文件
2025-05-29 19:23:23,829 - ERROR - 合并流域 50406910 的文件时出错: expected bytes, int found
2025-05-29 19:23:23,829 - INFO - 处理流域 50501200，共 36 个文件
2025-05-29 19:23:24,102 - INFO - 已将流域 50501200 的 36 个文件合并为 E:\Takusan_no_Code\Dataset\Processed_Dataset\Dataset_CHINA\Anhui_1H_Merged\50501200.nc
2025-05-29 19:23:24,102 - INFO - 处理流域 50701100，共 44 个文件
2025-05-29 19:23:24,463 - INFO - 已将流域 50701100 的 44 个文件合并为 E:\Takusan_no_Code\Dataset\Processed_Dataset\Dataset_CHINA\Anhui_1H_Merged\50701100.nc
2025-05-29 19:23:24,466 - INFO - 处理流域 50913900，共 37 个文件
2025-05-29 19:23:24,760 - INFO - 已将流域 50913900 的 37 个文件合并为 E:\Takusan_no_Code\Dataset\Processed_Dataset\Dataset_CHINA\Anhui_1H_Merged\50913900.nc
2025-05-29 19:23:24,760 - INFO - 处理流域 51004350，共 21 个文件
2025-05-29 19:23:24,944 - INFO - 已将流域 51004350 的 21 个文件合并为 E:\Takusan_no_Code\Dataset\Processed_Dataset\Dataset_CHINA\Anhui_1H_Merged\51004350.nc
2025-05-29 19:23:24,945 - INFO - 处理流域 62549024，共 80 个文件
2025-05-29 19:23:25,651 - INFO - 已将流域 62549024 的 80 个文件合并为 E:\Takusan_no_Code\Dataset\Processed_Dataset\Dataset_CHINA\Anhui_1H_Merged\62549024.nc
2025-05-29 19:23:25,651 - INFO - 处理流域 62700110，共 27 个文件
2025-05-29 19:23:25,875 - INFO - 已将流域 62700110 的 27 个文件合并为 E:\Takusan_no_Code\Dataset\Processed_Dataset\Dataset_CHINA\Anhui_1H_Merged\62700110.nc
2025-05-29 19:23:25,875 - INFO - 处理流域 62700700，共 41 个文件
2025-05-29 19:23:26,198 - ERROR - 合并流域 62700700 的文件时出错: expected bytes, int found
2025-05-29 19:23:26,198 - INFO - 处理流域 62802400，共 19 个文件
2025-05-29 19:23:26,360 - INFO - 已将流域 62802400 的 19 个文件合并为 E:\Takusan_no_Code\Dataset\Processed_Dataset\Dataset_CHINA\Anhui_1H_Merged\62802400.nc
2025-05-29 19:23:26,360 - INFO - 处理流域 62802700，共 62 个文件
2025-05-29 19:23:26,965 - INFO - 已将流域 62802700 的 62 个文件合并为 E:\Takusan_no_Code\Dataset\Processed_Dataset\Dataset_CHINA\Anhui_1H_Merged\62802700.nc
2025-05-29 19:23:26,965 - INFO - 处理流域 62803300，共 87 个文件
2025-05-29 19:23:27,657 - INFO - 已将流域 62803300 的 87 个文件合并为 E:\Takusan_no_Code\Dataset\Processed_Dataset\Dataset_CHINA\Anhui_1H_Merged\62803300.nc
2025-05-29 19:23:27,657 - INFO - 处理流域 62902000，共 48 个文件
2025-05-29 19:23:28,102 - INFO - 已将流域 62902000 的 48 个文件合并为 E:\Takusan_no_Code\Dataset\Processed_Dataset\Dataset_CHINA\Anhui_1H_Merged\62902000.nc
2025-05-29 19:23:28,103 - INFO - 处理流域 62906900，共 40 个文件
2025-05-29 19:23:28,419 - INFO - 已将流域 62906900 的 40 个文件合并为 E:\Takusan_no_Code\Dataset\Processed_Dataset\Dataset_CHINA\Anhui_1H_Merged\62906900.nc
2025-05-29 19:23:28,419 - INFO - 处理流域 62907100，共 26 个文件
2025-05-29 19:23:28,608 - ERROR - 合并流域 62907100 的文件时出错: expected bytes, int found
2025-05-29 19:23:28,608 - INFO - 处理流域 62907600，共 16 个文件
2025-05-29 19:23:28,730 - ERROR - 合并流域 62907600 的文件时出错: expected bytes, int found
2025-05-29 19:23:28,730 - INFO - 处理流域 62907601，共 14 个文件
2025-05-29 19:23:28,851 - INFO - 已将流域 62907601 的 14 个文件合并为 E:\Takusan_no_Code\Dataset\Processed_Dataset\Dataset_CHINA\Anhui_1H_Merged\62907601.nc
2025-05-29 19:23:28,851 - INFO - 处理流域 62909400，共 62 个文件
2025-05-29 19:23:29,409 - INFO - 已将流域 62909400 的 62 个文件合并为 E:\Takusan_no_Code\Dataset\Processed_Dataset\Dataset_CHINA\Anhui_1H_Merged\62909400.nc
2025-05-29 19:23:29,409 - INFO - 处理流域 62911200，共 43 个文件
2025-05-29 19:23:29,769 - INFO - 已将流域 62911200 的 43 个文件合并为 E:\Takusan_no_Code\Dataset\Processed_Dataset\Dataset_CHINA\Anhui_1H_Merged\62911200.nc
2025-05-29 19:23:29,769 - INFO - 处理流域 62916110，共 21 个文件
2025-05-29 19:23:29,979 - INFO - 已将流域 62916110 的 21 个文件合并为 E:\Takusan_no_Code\Dataset\Processed_Dataset\Dataset_CHINA\Anhui_1H_Merged\62916110.nc
2025-05-29 19:23:29,979 - INFO - 处理流域 70112150，共 10 个文件
2025-05-29 19:23:30,061 - ERROR - 合并流域 70112150 的文件时出错: expected bytes, int found
2025-05-29 19:23:30,062 - INFO - 处理流域 70114100，共 35 个文件
2025-05-29 19:23:30,384 - ERROR - 合并流域 70114100 的文件时出错: expected bytes, int found
2025-05-29 19:23:30,384 - INFO - 
处理完成！摘要:
2025-05-29 19:23:30,384 - INFO - 成功处理的流域数量: 15
2025-05-29 19:23:30,384 - INFO - 成功处理的流域ID: 50501200, 50701100, 50913900, 51004350, 62549024, 62700110, 62802400, 62802700, 62803300, 62902000, 62906900, 62907601, 62909400, 62911200, 62916110
2025-05-29 19:23:30,384 - INFO - 处理失败的流域数量: 6
2025-05-29 19:23:30,390 - INFO - 处理失败的流域ID: 50406910, 62700700, 62907100, 62907600, 70112150, 70114100
2025-05-29 19:23:30,390 - INFO - 
开始检查第一个失败的流域 50406910 的文件...
2025-05-29 19:23:30,390 - INFO - 检查流域 50406910 的 28 个文件
2025-05-29 19:23:30,400 - INFO - 文件 Anhui_50406910_2000060121.nc 可以正常打开
2025-05-29 19:23:30,400 - INFO - 变量: ['time', 'streamflow_obs', 'streamflow_pred_xaj', 'P_Anhui', 'P_50406910', 'P_50436450', 'P_50436550', 'P_50436650', 'streamflow', 'time_true']
2025-05-29 19:23:30,400 - INFO - 维度: Frozen({'time': 1488})
2025-05-29 19:23:30,401 - INFO - 时间变量类型: datetime64[ns]
2025-05-29 19:23:30,401 - INFO - 时间变量值: ['2024-07-01T00:00:00.000000000' '2024-07-01T01:00:00.000000000'
 '2024-07-01T02:00:00.000000000' ... '2024-08-31T21:00:00.000000000'
 '2024-08-31T22:00:00.000000000' '2024-08-31T23:00:00.000000000']
2025-05-29 19:23:30,402 - INFO - 文件 Anhui_50406910_2003063014.nc 可以正常打开
2025-05-29 19:23:30,402 - INFO - 变量: ['time', 'streamflow_obs', 'streamflow_pred_xaj', 'P_Anhui', 'P_50406910', 'P_50436450', 'P_50436550', 'P_50436650', 'streamflow', 'time_true']
2025-05-29 19:23:30,402 - INFO - 维度: Frozen({'time': 1488})
2025-05-29 19:23:30,408 - INFO - 时间变量类型: datetime64[ns]
2025-05-29 19:23:30,408 - INFO - 时间变量值: ['2024-07-01T00:00:00.000000000' '2024-07-01T01:00:00.000000000'
 '2024-07-01T02:00:00.000000000' ... '2024-08-31T21:00:00.000000000'
 '2024-08-31T22:00:00.000000000' '2024-08-31T23:00:00.000000000']
2025-05-29 19:23:30,414 - INFO - 文件 Anhui_50406910_2003070420.nc 可以正常打开
2025-05-29 19:23:30,416 - INFO - 变量: ['time', 'streamflow_obs', 'streamflow_pred_xaj', 'P_Anhui', 'P_50406910', 'P_50436450', 'P_50436550', 'P_50436650', 'streamflow', 'time_true']
2025-05-29 19:23:30,416 - INFO - 维度: Frozen({'time': 1488})
2025-05-29 19:23:30,416 - INFO - 时间变量类型: datetime64[ns]
2025-05-29 19:23:30,416 - INFO - 时间变量值: ['2024-07-01T00:00:00.000000000' '2024-07-01T01:00:00.000000000'
 '2024-07-01T02:00:00.000000000' ... '2024-08-31T21:00:00.000000000'
 '2024-08-31T22:00:00.000000000' '2024-08-31T23:00:00.000000000']
2025-05-29 19:23:30,422 - INFO - 文件 Anhui_50406910_2003070917.nc 可以正常打开
2025-05-29 19:23:30,422 - INFO - 变量: ['time', 'streamflow_obs', 'streamflow_pred_xaj', 'P_Anhui', 'P_50406910', 'P_50436450', 'P_50436550', 'P_50436650', 'streamflow', 'time_true']
2025-05-29 19:23:30,422 - INFO - 维度: Frozen({'time': 1488})
2025-05-29 19:23:30,422 - INFO - 时间变量类型: datetime64[ns]
2025-05-29 19:23:30,424 - INFO - 时间变量值: ['2024-07-01T00:00:00.000000000' '2024-07-01T01:00:00.000000000'
 '2024-07-01T02:00:00.000000000' ... '2024-08-31T21:00:00.000000000'
 '2024-08-31T22:00:00.000000000' '2024-08-31T23:00:00.000000000']
2025-05-29 19:23:30,430 - INFO - 文件 Anhui_50406910_2006070108.nc 可以正常打开
2025-05-29 19:23:30,430 - INFO - 变量: ['time', 'streamflow_obs', 'streamflow_pred_xaj', 'P_Anhui', 'P_50406910', 'P_50436450', 'P_50436550', 'P_50436650', 'streamflow', 'time_true']
2025-05-29 19:23:30,430 - INFO - 维度: Frozen({'time': 1488})
2025-05-29 19:23:30,430 - INFO - 时间变量类型: datetime64[ns]
2025-05-29 19:23:30,432 - INFO - 时间变量值: ['2024-07-01T00:00:00.000000000' '2024-07-01T01:00:00.000000000'
 '2024-07-01T02:00:00.000000000' ... '2024-08-31T21:00:00.000000000'
 '2024-08-31T22:00:00.000000000' '2024-08-31T23:00:00.000000000']
2025-05-29 19:23:30,438 - INFO - 文件 Anhui_50406910_2007070805.nc 可以正常打开
2025-05-29 19:23:30,438 - INFO - 变量: ['time', 'streamflow_obs', 'streamflow_pred_xaj', 'P_Anhui', 'P_50406910', 'P_50436450', 'P_50436550', 'P_50436650', 'streamflow', 'time_true']
2025-05-29 19:23:30,438 - INFO - 维度: Frozen({'time': 1488})
2025-05-29 19:23:30,438 - INFO - 时间变量类型: datetime64[ns]
2025-05-29 19:23:30,438 - INFO - 时间变量值: ['2024-07-01T00:00:00.000000000' '2024-07-01T01:00:00.000000000'
 '2024-07-01T02:00:00.000000000' ... '2024-08-31T21:00:00.000000000'
 '2024-08-31T22:00:00.000000000' '2024-08-31T23:00:00.000000000']
2025-05-29 19:23:30,444 - INFO - 文件 Anhui_50406910_2007091903.nc 可以正常打开
2025-05-29 19:23:30,444 - INFO - 变量: ['time', 'streamflow_obs', 'streamflow_pred_xaj', 'P_Anhui', 'P_50406910', 'P_50436450', 'P_50436550', 'P_50436650', 'streamflow', 'time_true']
2025-05-29 19:23:30,444 - INFO - 维度: Frozen({'time': 1488})
2025-05-29 19:23:30,444 - INFO - 时间变量类型: datetime64[ns]
2025-05-29 19:23:30,444 - INFO - 时间变量值: ['2024-07-01T00:00:00.000000000' '2024-07-01T01:00:00.000000000'
 '2024-07-01T02:00:00.000000000' ... '2024-08-31T21:00:00.000000000'
 '2024-08-31T22:00:00.000000000' '2024-08-31T23:00:00.000000000']
2025-05-29 19:23:30,450 - INFO - 文件 Anhui_50406910_2008080113.nc 可以正常打开
2025-05-29 19:23:30,450 - INFO - 变量: ['time', 'streamflow_obs', 'streamflow_pred_xaj', 'P_Anhui', 'P_50406910', 'P_50436450', 'P_50436550', 'P_50436650', 'streamflow', 'time_true']
2025-05-29 19:23:30,450 - INFO - 维度: Frozen({'time': 1488})
2025-05-29 19:23:30,450 - INFO - 时间变量类型: datetime64[ns]
2025-05-29 19:23:30,450 - INFO - 时间变量值: ['2024-07-01T00:00:00.000000000' '2024-07-01T01:00:00.000000000'
 '2024-07-01T02:00:00.000000000' ... '2024-08-31T21:00:00.000000000'
 '2024-08-31T22:00:00.000000000' '2024-08-31T23:00:00.000000000']
2025-05-29 19:23:30,462 - INFO - 文件 Anhui_50406910_2009070615.nc 可以正常打开
2025-05-29 19:23:30,463 - INFO - 变量: ['time', 'streamflow_obs', 'streamflow_pred_xaj', 'P_Anhui', 'P_50406910', 'P_50436450', 'P_50436550', 'P_50436650', 'streamflow', 'time_true']
2025-05-29 19:23:30,463 - INFO - 维度: Frozen({'time': 1488})
2025-05-29 19:23:30,463 - INFO - 时间变量类型: datetime64[ns]
2025-05-29 19:23:30,463 - INFO - 时间变量值: ['2024-07-01T00:00:00.000000000' '2024-07-01T01:00:00.000000000'
 '2024-07-01T02:00:00.000000000' ... '2024-08-31T21:00:00.000000000'
 '2024-08-31T22:00:00.000000000' '2024-08-31T23:00:00.000000000']
2025-05-29 19:23:30,470 - INFO - 文件 Anhui_50406910_2013062503.nc 可以正常打开
2025-05-29 19:23:30,470 - INFO - 变量: ['time', 'streamflow_obs', 'streamflow_pred_xaj', 'P_Anhui', 'P_50406910', 'P_50436450', 'P_50436550', 'P_50436650', 'streamflow', 'time_true']
2025-05-29 19:23:30,470 - INFO - 维度: Frozen({'time': 1488})
2025-05-29 19:23:30,471 - INFO - 时间变量类型: datetime64[ns]
2025-05-29 19:23:30,471 - INFO - 时间变量值: ['2024-07-01T00:00:00.000000000' '2024-07-01T01:00:00.000000000'
 '2024-07-01T02:00:00.000000000' ... '2024-08-31T21:00:00.000000000'
 '2024-08-31T22:00:00.000000000' '2024-08-31T23:00:00.000000000']
2025-05-29 19:23:30,477 - INFO - 文件 Anhui_50406910_2014072415.nc 可以正常打开
2025-05-29 19:23:30,477 - INFO - 变量: ['time', 'streamflow_obs', 'streamflow_pred_xaj', 'P_Anhui', 'P_50406910', 'P_50436450', 'P_50436550', 'P_50436650', 'streamflow', 'time_true']
2025-05-29 19:23:30,477 - INFO - 维度: Frozen({'time': 1488})
2025-05-29 19:23:30,477 - INFO - 时间变量类型: datetime64[ns]
2025-05-29 19:23:30,477 - INFO - 时间变量值: ['2024-07-01T00:00:00.000000000' '2024-07-01T01:00:00.000000000'
 '2024-07-01T02:00:00.000000000' ... '2024-08-31T21:00:00.000000000'
 '2024-08-31T22:00:00.000000000' '2024-08-31T23:00:00.000000000']
2025-05-29 19:23:30,481 - INFO - 文件 Anhui_50406910_2014081221.nc 可以正常打开
2025-05-29 19:23:30,481 - INFO - 变量: ['time', 'streamflow_obs', 'streamflow_pred_xaj', 'P_Anhui', 'P_50406910', 'P_50436450', 'P_50436550', 'P_50436650', 'streamflow', 'time_true']
2025-05-29 19:23:30,481 - INFO - 维度: Frozen({'time': 1488})
2025-05-29 19:23:30,481 - INFO - 时间变量类型: datetime64[ns]
2025-05-29 19:23:30,481 - INFO - 时间变量值: ['2024-07-01T00:00:00.000000000' '2024-07-01T01:00:00.000000000'
 '2024-07-01T02:00:00.000000000' ... '2024-08-31T21:00:00.000000000'
 '2024-08-31T22:00:00.000000000' '2024-08-31T23:00:00.000000000']
2025-05-29 19:23:30,487 - INFO - 文件 Anhui_50406910_2014083013.nc 可以正常打开
2025-05-29 19:23:30,487 - INFO - 变量: ['time', 'streamflow_obs', 'streamflow_pred_xaj', 'P_Anhui', 'P_50406910', 'P_50436450', 'P_50436550', 'P_50436650', 'streamflow', 'time_true']
2025-05-29 19:23:30,487 - INFO - 维度: Frozen({'time': 1488})
2025-05-29 19:23:30,487 - INFO - 时间变量类型: datetime64[ns]
2025-05-29 19:23:30,487 - INFO - 时间变量值: ['2024-07-01T00:00:00.000000000' '2024-07-01T01:00:00.000000000'
 '2024-07-01T02:00:00.000000000' ... '2024-08-31T21:00:00.000000000'
 '2024-08-31T22:00:00.000000000' '2024-08-31T23:00:00.000000000']
2025-05-29 19:23:30,497 - INFO - 文件 Anhui_50406910_2015062619.nc 可以正常打开
2025-05-29 19:23:30,499 - INFO - 变量: ['time', 'streamflow_obs', 'streamflow_pred_xaj', 'P_Anhui', 'P_50406910', 'P_50436450', 'P_50436550', 'P_50436650', 'streamflow', 'time_true']
2025-05-29 19:23:30,499 - INFO - 维度: Frozen({'time': 1488})
2025-05-29 19:23:30,499 - INFO - 时间变量类型: datetime64[ns]
2025-05-29 19:23:30,500 - INFO - 时间变量值: ['2024-07-01T00:00:00.000000000' '2024-07-01T01:00:00.000000000'
 '2024-07-01T02:00:00.000000000' ... '2024-08-31T21:00:00.000000000'
 '2024-08-31T22:00:00.000000000' '2024-08-31T23:00:00.000000000']
2025-05-29 19:23:30,505 - INFO - 文件 Anhui_50406910_2015072408.nc 可以正常打开
2025-05-29 19:23:30,505 - INFO - 变量: ['time', 'streamflow_obs', 'streamflow_pred_xaj', 'P_Anhui', 'P_50406910', 'P_50436450', 'P_50436550', 'P_50436650', 'streamflow', 'time_true']
2025-05-29 19:23:30,505 - INFO - 维度: Frozen({'time': 1488})
2025-05-29 19:23:30,505 - INFO - 时间变量类型: datetime64[ns]
2025-05-29 19:23:30,505 - INFO - 时间变量值: ['2024-07-01T00:00:00.000000000' '2024-07-01T01:00:00.000000000'
 '2024-07-01T02:00:00.000000000' ... '2024-08-31T21:00:00.000000000'
 '2024-08-31T22:00:00.000000000' '2024-08-31T23:00:00.000000000']
2025-05-29 19:23:30,511 - INFO - 文件 Anhui_50406910_2015081002.nc 可以正常打开
2025-05-29 19:23:30,511 - INFO - 变量: ['time', 'streamflow_obs', 'streamflow_pred_xaj', 'P_Anhui', 'P_50406910', 'P_50436450', 'P_50436550', 'P_50436650', 'streamflow', 'time_true']
2025-05-29 19:23:30,511 - INFO - 维度: Frozen({'time': 1488})
2025-05-29 19:23:30,511 - INFO - 时间变量类型: datetime64[ns]
2025-05-29 19:23:30,511 - INFO - 时间变量值: ['2024-07-01T00:00:00.000000000' '2024-07-01T01:00:00.000000000'
 '2024-07-01T02:00:00.000000000' ... '2024-08-31T21:00:00.000000000'
 '2024-08-31T22:00:00.000000000' '2024-08-31T23:00:00.000000000']
2025-05-29 19:23:30,517 - INFO - 文件 Anhui_50406910_2016062105.nc 可以正常打开
2025-05-29 19:23:30,522 - INFO - 变量: ['time', 'streamflow_obs', 'streamflow_pred_xaj', 'P_Anhui', 'P_50406910', 'P_50436450', 'P_50436550', 'P_50436650', 'streamflow', 'time_true']
2025-05-29 19:23:30,522 - INFO - 维度: Frozen({'time': 1488})
2025-05-29 19:23:30,522 - INFO - 时间变量类型: datetime64[ns]
2025-05-29 19:23:30,522 - INFO - 时间变量值: ['2024-07-01T00:00:00.000000000' '2024-07-01T01:00:00.000000000'
 '2024-07-01T02:00:00.000000000' ... '2024-08-31T21:00:00.000000000'
 '2024-08-31T22:00:00.000000000' '2024-08-31T23:00:00.000000000']
2025-05-29 19:23:30,529 - INFO - 文件 Anhui_50406910_2016102600.nc 可以正常打开
2025-05-29 19:23:30,530 - INFO - 变量: ['time', 'streamflow_obs', 'streamflow_pred_xaj', 'P_Anhui', 'P_50406910', 'P_50436450', 'P_50436550', 'P_50436650', 'streamflow', 'time_true']
2025-05-29 19:23:30,530 - INFO - 维度: Frozen({'time': 1488})
2025-05-29 19:23:30,530 - INFO - 时间变量类型: datetime64[ns]
2025-05-29 19:23:30,530 - INFO - 时间变量值: ['2024-07-01T00:00:00.000000000' '2024-07-01T01:00:00.000000000'
 '2024-07-01T02:00:00.000000000' ... '2024-08-31T21:00:00.000000000'
 '2024-08-31T22:00:00.000000000' '2024-08-31T23:00:00.000000000']
2025-05-29 19:23:30,538 - INFO - 文件 Anhui_50406910_2017061009.nc 可以正常打开
2025-05-29 19:23:30,539 - INFO - 变量: ['time', 'streamflow_obs', 'streamflow_pred_xaj', 'P_Anhui', 'P_50406910', 'P_50436450', 'P_50436550', 'P_50436650', 'streamflow', 'time_true']
2025-05-29 19:23:30,539 - INFO - 维度: Frozen({'time': 1488})
2025-05-29 19:23:30,539 - INFO - 时间变量类型: datetime64[ns]
2025-05-29 19:23:30,540 - INFO - 时间变量值: ['2024-07-01T00:00:00.000000000' '2024-07-01T01:00:00.000000000'
 '2024-07-01T02:00:00.000000000' ... '2024-08-31T21:00:00.000000000'
 '2024-08-31T22:00:00.000000000' '2024-08-31T23:00:00.000000000']
2025-05-29 19:23:30,545 - INFO - 文件 Anhui_50406910_2017092400.nc 可以正常打开
2025-05-29 19:23:30,545 - INFO - 变量: ['time', 'streamflow_obs', 'streamflow_pred_xaj', 'P_Anhui', 'P_50406910', 'P_50436450', 'P_50436550', 'P_50436650', 'streamflow', 'time_true']
2025-05-29 19:23:30,545 - INFO - 维度: Frozen({'time': 1488})
2025-05-29 19:23:30,547 - INFO - 时间变量类型: datetime64[ns]
2025-05-29 19:23:30,547 - INFO - 时间变量值: ['2024-07-01T00:00:00.000000000' '2024-07-01T01:00:00.000000000'
 '2024-07-01T02:00:00.000000000' ... '2024-08-31T21:00:00.000000000'
 '2024-08-31T22:00:00.000000000' '2024-08-31T23:00:00.000000000']
2025-05-29 19:23:30,553 - INFO - 文件 Anhui_50406910_2018050514.nc 可以正常打开
2025-05-29 19:23:30,553 - INFO - 变量: ['time', 'streamflow_obs', 'streamflow_pred_xaj', 'P_Anhui', 'P_50406910', 'P_50436450', 'P_50436550', 'P_50436650', 'streamflow', 'time_true']
2025-05-29 19:23:30,553 - INFO - 维度: Frozen({'time': 1488})
2025-05-29 19:23:30,553 - INFO - 时间变量类型: datetime64[ns]
2025-05-29 19:23:30,553 - INFO - 时间变量值: ['2024-07-01T00:00:00.000000000' '2024-07-01T01:00:00.000000000'
 '2024-07-01T02:00:00.000000000' ... '2024-08-31T21:00:00.000000000'
 '2024-08-31T22:00:00.000000000' '2024-08-31T23:00:00.000000000']
2025-05-29 19:23:30,560 - INFO - 文件 Anhui_50406910_2018052504.nc 可以正常打开
2025-05-29 19:23:30,560 - INFO - 变量: ['time', 'streamflow_obs', 'streamflow_pred_xaj', 'P_Anhui', 'P_50406910', 'P_50436450', 'P_50436550', 'P_50436650', 'streamflow', 'time_true']
2025-05-29 19:23:30,560 - INFO - 维度: Frozen({'time': 1488})
2025-05-29 19:23:30,560 - INFO - 时间变量类型: datetime64[ns]
2025-05-29 19:23:30,560 - INFO - 时间变量值: ['2024-07-01T00:00:00.000000000' '2024-07-01T01:00:00.000000000'
 '2024-07-01T02:00:00.000000000' ... '2024-08-31T21:00:00.000000000'
 '2024-08-31T22:00:00.000000000' '2024-08-31T23:00:00.000000000']
2025-05-29 19:23:30,566 - INFO - 文件 Anhui_50406910_2018081718.nc 可以正常打开
2025-05-29 19:23:30,566 - INFO - 变量: ['time', 'streamflow_obs', 'streamflow_pred_xaj', 'P_Anhui', 'P_50406910', 'P_50436450', 'P_50436550', 'P_50436650', 'streamflow', 'time_true']
2025-05-29 19:23:30,566 - INFO - 维度: Frozen({'time': 1488})
2025-05-29 19:23:30,568 - INFO - 时间变量类型: datetime64[ns]
2025-05-29 19:23:30,568 - INFO - 时间变量值: ['2024-07-01T00:00:00.000000000' '2024-07-01T01:00:00.000000000'
 '2024-07-01T02:00:00.000000000' ... '2024-08-31T21:00:00.000000000'
 '2024-08-31T22:00:00.000000000' '2024-08-31T23:00:00.000000000']
2025-05-29 19:23:30,574 - INFO - 文件 Anhui_50406910_2020062819.nc 可以正常打开
2025-05-29 19:23:30,574 - INFO - 变量: ['time', 'time_true', 'streamflow_obs', 'streamflow_pred_xaj', 'P_Anhui', 'P_50406910', 'P_50436450', 'P_50436550', 'P_50436650', 'streamflow']
2025-05-29 19:23:30,574 - INFO - 维度: Frozen({'time': 1488})
2025-05-29 19:23:30,574 - INFO - 时间变量类型: datetime64[ns]
2025-05-29 19:23:30,574 - INFO - 时间变量值: ['2024-07-01T00:00:00.000000000' '2024-07-01T01:00:00.000000000'
 '2024-07-01T02:00:00.000000000' ... '2024-08-31T21:00:00.000000000'
 '2024-08-31T22:00:00.000000000' '2024-08-31T23:00:00.000000000']
2025-05-29 19:23:30,580 - INFO - 文件 Anhui_50406910_2020071720.nc 可以正常打开
2025-05-29 19:23:30,582 - INFO - 变量: ['time', 'time_true', 'streamflow_obs', 'streamflow_pred_xaj', 'P_Anhui', 'P_50406910', 'P_50436450', 'P_50436550', 'P_50436650', 'streamflow']
2025-05-29 19:23:30,582 - INFO - 维度: Frozen({'time': 1488})
2025-05-29 19:23:30,582 - INFO - 时间变量类型: datetime64[ns]
2025-05-29 19:23:30,582 - INFO - 时间变量值: ['2024-07-01T00:00:00.000000000' '2024-07-01T01:00:00.000000000'
 '2024-07-01T02:00:00.000000000' ... '2024-08-31T21:00:00.000000000'
 '2024-08-31T22:00:00.000000000' '2024-08-31T23:00:00.000000000']
2025-05-29 19:23:30,587 - INFO - 文件 Anhui_50406910_2020080815.nc 可以正常打开
2025-05-29 19:23:30,587 - INFO - 变量: ['time', 'time_true', 'streamflow_obs', 'streamflow_pred_xaj', 'P_Anhui', 'P_50406910', 'P_50436450', 'P_50436550', 'P_50436650', 'streamflow']
2025-05-29 19:23:30,590 - INFO - 维度: Frozen({'time': 1488})
2025-05-29 19:23:30,590 - INFO - 时间变量类型: datetime64[ns]
2025-05-29 19:23:30,590 - INFO - 时间变量值: ['2024-07-01T00:00:00.000000000' '2024-07-01T01:00:00.000000000'
 '2024-07-01T02:00:00.000000000' ... '2024-08-31T21:00:00.000000000'
 '2024-08-31T22:00:00.000000000' '2024-08-31T23:00:00.000000000']
2025-05-29 19:23:30,595 - INFO - 文件 Anhui_50406910_2021070502.nc 可以正常打开
2025-05-29 19:23:30,596 - INFO - 变量: ['time', 'time_true', 'streamflow_obs', 'streamflow_pred_xaj', 'P_Anhui', 'P_50406910', 'P_50436450', 'P_50436550', 'P_50436650', 'streamflow']
2025-05-29 19:23:30,596 - INFO - 维度: Frozen({'time': 1488})
2025-05-29 19:23:30,596 - INFO - 时间变量类型: datetime64[ns]
2025-05-29 19:23:30,597 - INFO - 时间变量值: ['2024-07-01T00:00:00.000000000' '2024-07-01T01:00:00.000000000'
 '2024-07-01T02:00:00.000000000' ... '2024-08-31T21:00:00.000000000'
 '2024-08-31T22:00:00.000000000' '2024-08-31T23:00:00.000000000']
2025-05-29 19:23:30,603 - INFO - 文件 Anhui_50406910_2021072704.nc 可以正常打开
2025-05-29 19:23:30,603 - INFO - 变量: ['time', 'time_true', 'streamflow_obs', 'streamflow_pred_xaj', 'P_Anhui', 'P_50406910', 'P_50436450', 'P_50436550', 'P_50436650', 'streamflow']
2025-05-29 19:23:30,603 - INFO - 维度: Frozen({'time': 1488})
2025-05-29 19:23:30,603 - INFO - 时间变量类型: datetime64[ns]
2025-05-29 19:23:30,603 - INFO - 时间变量值: ['2024-07-01T00:00:00.000000000' '2024-07-01T01:00:00.000000000'
 '2024-07-01T02:00:00.000000000' ... '2024-08-31T21:00:00.000000000'
 '2024-08-31T22:00:00.000000000' '2024-08-31T23:00:00.000000000']
2025-05-29 19:23:30,604 - INFO - 处理完成！
2025-05-29 22:00:52,232 - INFO - 共找到 797 个nc文件待处理
2025-05-29 22:00:52,232 - INFO - 共找到 21 个不同的流域
2025-05-29 22:00:52,238 - INFO - 处理流域 50406910，共 28 个文件
2025-05-29 22:00:52,499 - INFO - 已将流域 50406910 的 28 个文件合并为 E:\Takusan_no_Code\Dataset\Processed_Dataset\Dataset_CHINA\Anhui_1H_Merged\50406910.nc
2025-05-29 22:00:52,499 - INFO - 处理流域 50501200，共 36 个文件
2025-05-29 22:00:52,784 - INFO - 已将流域 50501200 的 36 个文件合并为 E:\Takusan_no_Code\Dataset\Processed_Dataset\Dataset_CHINA\Anhui_1H_Merged\50501200.nc
2025-05-29 22:00:52,784 - INFO - 处理流域 50701100，共 44 个文件
2025-05-29 22:00:53,153 - INFO - 已将流域 50701100 的 44 个文件合并为 E:\Takusan_no_Code\Dataset\Processed_Dataset\Dataset_CHINA\Anhui_1H_Merged\50701100.nc
2025-05-29 22:00:53,153 - INFO - 处理流域 50913900，共 37 个文件
2025-05-29 22:00:53,468 - INFO - 已将流域 50913900 的 37 个文件合并为 E:\Takusan_no_Code\Dataset\Processed_Dataset\Dataset_CHINA\Anhui_1H_Merged\50913900.nc
2025-05-29 22:00:53,468 - INFO - 处理流域 51004350，共 21 个文件
2025-05-29 22:00:53,685 - INFO - 已将流域 51004350 的 21 个文件合并为 E:\Takusan_no_Code\Dataset\Processed_Dataset\Dataset_CHINA\Anhui_1H_Merged\51004350.nc
2025-05-29 22:00:53,685 - INFO - 处理流域 62549024，共 80 个文件
2025-05-29 22:00:54,433 - INFO - 已将流域 62549024 的 80 个文件合并为 E:\Takusan_no_Code\Dataset\Processed_Dataset\Dataset_CHINA\Anhui_1H_Merged\62549024.nc
2025-05-29 22:00:54,434 - INFO - 处理流域 62700110，共 27 个文件
2025-05-29 22:00:54,686 - INFO - 已将流域 62700110 的 27 个文件合并为 E:\Takusan_no_Code\Dataset\Processed_Dataset\Dataset_CHINA\Anhui_1H_Merged\62700110.nc
2025-05-29 22:00:54,686 - INFO - 处理流域 62700700，共 41 个文件
2025-05-29 22:00:55,065 - INFO - 已将流域 62700700 的 41 个文件合并为 E:\Takusan_no_Code\Dataset\Processed_Dataset\Dataset_CHINA\Anhui_1H_Merged\62700700.nc
2025-05-29 22:00:55,065 - INFO - 处理流域 62802400，共 19 个文件
2025-05-29 22:00:55,224 - INFO - 已将流域 62802400 的 19 个文件合并为 E:\Takusan_no_Code\Dataset\Processed_Dataset\Dataset_CHINA\Anhui_1H_Merged\62802400.nc
2025-05-29 22:00:55,226 - INFO - 处理流域 62802700，共 62 个文件
2025-05-29 22:00:55,777 - INFO - 已将流域 62802700 的 62 个文件合并为 E:\Takusan_no_Code\Dataset\Processed_Dataset\Dataset_CHINA\Anhui_1H_Merged\62802700.nc
2025-05-29 22:00:55,777 - INFO - 处理流域 62803300，共 87 个文件
2025-05-29 22:00:56,539 - INFO - 已将流域 62803300 的 87 个文件合并为 E:\Takusan_no_Code\Dataset\Processed_Dataset\Dataset_CHINA\Anhui_1H_Merged\62803300.nc
2025-05-29 22:00:56,540 - INFO - 处理流域 62902000，共 48 个文件
2025-05-29 22:00:56,996 - INFO - 已将流域 62902000 的 48 个文件合并为 E:\Takusan_no_Code\Dataset\Processed_Dataset\Dataset_CHINA\Anhui_1H_Merged\62902000.nc
2025-05-29 22:00:56,996 - INFO - 处理流域 62906900，共 40 个文件
2025-05-29 22:00:57,322 - INFO - 已将流域 62906900 的 40 个文件合并为 E:\Takusan_no_Code\Dataset\Processed_Dataset\Dataset_CHINA\Anhui_1H_Merged\62906900.nc
2025-05-29 22:00:57,322 - INFO - 处理流域 62907100，共 26 个文件
2025-05-29 22:00:57,537 - INFO - 已将流域 62907100 的 26 个文件合并为 E:\Takusan_no_Code\Dataset\Processed_Dataset\Dataset_CHINA\Anhui_1H_Merged\62907100.nc
2025-05-29 22:00:57,538 - INFO - 处理流域 62907600，共 16 个文件
2025-05-29 22:00:57,676 - INFO - 已将流域 62907600 的 16 个文件合并为 E:\Takusan_no_Code\Dataset\Processed_Dataset\Dataset_CHINA\Anhui_1H_Merged\62907600.nc
2025-05-29 22:00:57,677 - INFO - 处理流域 62907601，共 14 个文件
2025-05-29 22:00:57,805 - INFO - 已将流域 62907601 的 14 个文件合并为 E:\Takusan_no_Code\Dataset\Processed_Dataset\Dataset_CHINA\Anhui_1H_Merged\62907601.nc
2025-05-29 22:00:57,806 - INFO - 处理流域 62909400，共 62 个文件
2025-05-29 22:00:58,410 - INFO - 已将流域 62909400 的 62 个文件合并为 E:\Takusan_no_Code\Dataset\Processed_Dataset\Dataset_CHINA\Anhui_1H_Merged\62909400.nc
2025-05-29 22:00:58,410 - INFO - 处理流域 62911200，共 43 个文件
2025-05-29 22:00:58,794 - INFO - 已将流域 62911200 的 43 个文件合并为 E:\Takusan_no_Code\Dataset\Processed_Dataset\Dataset_CHINA\Anhui_1H_Merged\62911200.nc
2025-05-29 22:00:58,794 - INFO - 处理流域 62916110，共 21 个文件
2025-05-29 22:00:58,986 - INFO - 已将流域 62916110 的 21 个文件合并为 E:\Takusan_no_Code\Dataset\Processed_Dataset\Dataset_CHINA\Anhui_1H_Merged\62916110.nc
2025-05-29 22:00:58,986 - INFO - 处理流域 70112150，共 10 个文件
2025-05-29 22:00:59,070 - INFO - 已将流域 70112150 的 10 个文件合并为 E:\Takusan_no_Code\Dataset\Processed_Dataset\Dataset_CHINA\Anhui_1H_Merged\70112150.nc
2025-05-29 22:00:59,070 - INFO - 处理流域 70114100，共 35 个文件
2025-05-29 22:00:59,443 - INFO - 已将流域 70114100 的 35 个文件合并为 E:\Takusan_no_Code\Dataset\Processed_Dataset\Dataset_CHINA\Anhui_1H_Merged\70114100.nc
2025-05-29 22:00:59,444 - INFO - 
处理完成！摘要:
2025-05-29 22:00:59,444 - INFO - 成功处理的流域数量: 21
2025-05-29 22:00:59,444 - INFO - 成功处理的流域ID: 50406910, 50501200, 50701100, 50913900, 51004350, 62549024, 62700110, 62700700, 62802400, 62802700, 62803300, 62902000, 62906900, 62907100, 62907600, 62907601, 62909400, 62911200, 62916110, 70112150, 70114100
2025-05-29 22:00:59,444 - INFO - 处理失败的流域数量: 0
2025-05-29 22:00:59,444 - INFO - 处理失败的流域ID: 
2025-05-29 22:00:59,446 - INFO - 处理完成！
2025-05-29 22:08:33,584 - INFO - 共找到 797 个nc文件待处理
2025-05-29 22:08:33,584 - INFO - 共找到 21 个不同的流域
2025-05-29 22:08:33,584 - INFO - 处理流域 50406910，共 28 个文件
2025-05-29 22:08:33,859 - INFO - 已将流域 50406910 的 28 个文件合并为 E:\Takusan_no_Code\Dataset\Processed_Dataset\Dataset_CHINA\Anhui_1H_Merged\timeseries_1h_batch_Anhui_50406910_2000060121_Anhui_50406910_2021072704.nc
2025-05-29 22:08:33,859 - INFO - 处理流域 50501200，共 36 个文件
2025-05-29 22:08:34,157 - INFO - 已将流域 50501200 的 36 个文件合并为 E:\Takusan_no_Code\Dataset\Processed_Dataset\Dataset_CHINA\Anhui_1H_Merged\timeseries_1h_batch_Anhui_50501200_1977071814_Anhui_50501200_2021081000.nc
2025-05-29 22:08:34,157 - INFO - 处理流域 50701100，共 44 个文件
2025-05-29 22:08:34,537 - INFO - 已将流域 50701100 的 44 个文件合并为 E:\Takusan_no_Code\Dataset\Processed_Dataset\Dataset_CHINA\Anhui_1H_Merged\timeseries_1h_batch_Anhui_50701100_1977081017_Anhui_50701100_2018081600.nc
2025-05-29 22:08:34,537 - INFO - 处理流域 50913900，共 37 个文件
2025-05-29 22:08:34,863 - INFO - 已将流域 50913900 的 37 个文件合并为 E:\Takusan_no_Code\Dataset\Processed_Dataset\Dataset_CHINA\Anhui_1H_Merged\timeseries_1h_batch_Anhui_50913900_1965070102_Anhui_50913900_2021072708.nc
2025-05-29 22:08:34,863 - INFO - 处理流域 51004350，共 21 个文件
2025-05-29 22:08:35,075 - INFO - 已将流域 51004350 的 21 个文件合并为 E:\Takusan_no_Code\Dataset\Processed_Dataset\Dataset_CHINA\Anhui_1H_Merged\timeseries_1h_batch_Anhui_51004350_1980062714_Anhui_51004350_2021072514.nc
2025-05-29 22:08:35,075 - INFO - 处理流域 62549024，共 80 个文件
2025-05-29 22:08:35,888 - INFO - 已将流域 62549024 的 80 个文件合并为 E:\Takusan_no_Code\Dataset\Processed_Dataset\Dataset_CHINA\Anhui_1H_Merged\timeseries_1h_batch_Anhui_62549024_1980073017_Anhui_62549024_2019051416.nc
2025-05-29 22:08:35,888 - INFO - 处理流域 62700110，共 27 个文件
2025-05-29 22:08:36,117 - INFO - 已将流域 62700110 的 27 个文件合并为 E:\Takusan_no_Code\Dataset\Processed_Dataset\Dataset_CHINA\Anhui_1H_Merged\timeseries_1h_batch_Anhui_62700110_2002072102_Anhui_62700110_2021081212.nc
2025-05-29 22:08:36,117 - INFO - 处理流域 62700700，共 41 个文件
2025-05-29 22:08:36,487 - INFO - 已将流域 62700700 的 41 个文件合并为 E:\Takusan_no_Code\Dataset\Processed_Dataset\Dataset_CHINA\Anhui_1H_Merged\timeseries_1h_batch_Anhui_62700700_1983050301_Anhui_62700700_2021081110.nc
2025-05-29 22:08:36,488 - INFO - 处理流域 62802400，共 19 个文件
2025-05-29 22:08:36,657 - INFO - 已将流域 62802400 的 19 个文件合并为 E:\Takusan_no_Code\Dataset\Processed_Dataset\Dataset_CHINA\Anhui_1H_Merged\timeseries_1h_batch_Anhui_62802400_1966062713_Anhui_62802400_2021081222.nc
2025-05-29 22:08:36,657 - INFO - 处理流域 62802700，共 62 个文件
2025-05-29 22:08:37,221 - INFO - 已将流域 62802700 的 62 个文件合并为 E:\Takusan_no_Code\Dataset\Processed_Dataset\Dataset_CHINA\Anhui_1H_Merged\timeseries_1h_batch_Anhui_62802700_1963072002_Anhui_62802700_2020071805.nc
2025-05-29 22:08:37,221 - INFO - 处理流域 62803300，共 87 个文件
2025-05-29 22:08:38,009 - INFO - 已将流域 62803300 的 87 个文件合并为 E:\Takusan_no_Code\Dataset\Processed_Dataset\Dataset_CHINA\Anhui_1H_Merged\timeseries_1h_batch_Anhui_62803300_1960051712_Anhui_62803300_2021082417.nc
2025-05-29 22:08:38,010 - INFO - 处理流域 62902000，共 48 个文件
2025-05-29 22:08:38,469 - INFO - 已将流域 62902000 的 48 个文件合并为 E:\Takusan_no_Code\Dataset\Processed_Dataset\Dataset_CHINA\Anhui_1H_Merged\timeseries_1h_batch_Anhui_62902000_1979070805_Anhui_62902000_2021081122.nc
2025-05-29 22:08:38,470 - INFO - 处理流域 62906900，共 40 个文件
2025-05-29 22:08:38,792 - INFO - 已将流域 62906900 的 40 个文件合并为 E:\Takusan_no_Code\Dataset\Processed_Dataset\Dataset_CHINA\Anhui_1H_Merged\timeseries_1h_batch_Anhui_62906900_1989052107_Anhui_62906900_2021070120.nc
2025-05-29 22:08:38,792 - INFO - 处理流域 62907100，共 26 个文件
2025-05-29 22:08:39,041 - INFO - 已将流域 62907100 的 26 个文件合并为 E:\Takusan_no_Code\Dataset\Processed_Dataset\Dataset_CHINA\Anhui_1H_Merged\timeseries_1h_batch_Anhui_62907100_2002061823_Anhui_62907100_2018070521.nc
2025-05-29 22:08:39,041 - INFO - 处理流域 62907600，共 16 个文件
2025-05-29 22:08:39,179 - INFO - 已将流域 62907600 的 16 个文件合并为 E:\Takusan_no_Code\Dataset\Processed_Dataset\Dataset_CHINA\Anhui_1H_Merged\timeseries_1h_batch_Anhui_62907600_1993032323_Anhui_62907600_2011071812.nc
2025-05-29 22:08:39,179 - INFO - 处理流域 62907601，共 14 个文件
2025-05-29 22:08:39,307 - INFO - 已将流域 62907601 的 14 个文件合并为 E:\Takusan_no_Code\Dataset\Processed_Dataset\Dataset_CHINA\Anhui_1H_Merged\timeseries_1h_batch_Anhui_62907601_1994060806_Anhui_62907601_2017062319.nc
2025-05-29 22:08:39,307 - INFO - 处理流域 62909400，共 62 个文件
2025-05-29 22:08:39,906 - INFO - 已将流域 62909400 的 62 个文件合并为 E:\Takusan_no_Code\Dataset\Processed_Dataset\Dataset_CHINA\Anhui_1H_Merged\timeseries_1h_batch_Anhui_62909400_1962051402_Anhui_62909400_2013060615.nc
2025-05-29 22:08:39,907 - INFO - 处理流域 62911200，共 43 个文件
2025-05-29 22:08:40,304 - INFO - 已将流域 62911200 的 43 个文件合并为 E:\Takusan_no_Code\Dataset\Processed_Dataset\Dataset_CHINA\Anhui_1H_Merged\timeseries_1h_batch_Anhui_62911200_1987070209_Anhui_62911200_2015040213.nc
2025-05-29 22:08:40,304 - INFO - 处理流域 62916110，共 21 个文件
2025-05-29 22:08:40,498 - INFO - 已将流域 62916110 的 21 个文件合并为 E:\Takusan_no_Code\Dataset\Processed_Dataset\Dataset_CHINA\Anhui_1H_Merged\timeseries_1h_batch_Anhui_62916110_2013070616_Anhui_62916110_2022032008.nc
2025-05-29 22:08:40,498 - INFO - 处理流域 70112150，共 10 个文件
2025-05-29 22:08:40,584 - INFO - 已将流域 70112150 的 10 个文件合并为 E:\Takusan_no_Code\Dataset\Processed_Dataset\Dataset_CHINA\Anhui_1H_Merged\timeseries_1h_batch_Anhui_70112150_2001060911_Anhui_70112150_2017062309.nc
2025-05-29 22:08:40,584 - INFO - 处理流域 70114100，共 35 个文件
2025-05-29 22:08:40,968 - INFO - 已将流域 70114100 的 35 个文件合并为 E:\Takusan_no_Code\Dataset\Processed_Dataset\Dataset_CHINA\Anhui_1H_Merged\timeseries_1h_batch_Anhui_70114100_2000053006_Anhui_70114100_2017062310.nc
2025-05-29 22:08:40,969 - INFO - 
处理完成！摘要:
2025-05-29 22:08:40,969 - INFO - 成功处理的流域数量: 21
2025-05-29 22:08:40,969 - INFO - 成功处理的流域ID: 50406910, 50501200, 50701100, 50913900, 51004350, 62549024, 62700110, 62700700, 62802400, 62802700, 62803300, 62902000, 62906900, 62907100, 62907600, 62907601, 62909400, 62911200, 62916110, 70112150, 70114100
2025-05-29 22:08:40,969 - INFO - 处理失败的流域数量: 0
2025-05-29 22:08:40,970 - INFO - 处理失败的流域ID: 
2025-05-29 22:08:40,971 - INFO - 处理完成！
2025-05-29 22:10:25,894 - INFO - 共找到 797 个nc文件待处理
2025-05-29 22:10:25,897 - INFO - 共找到 21 个不同的流域
2025-05-29 22:10:25,897 - INFO - 处理流域 50406910，共 28 个文件
2025-05-29 22:10:26,176 - INFO - 已将流域 50406910 的 28 个文件合并为 E:\Takusan_no_Code\Dataset\Processed_Dataset\Dataset_CHINA\Anhui_1H_Merged\timeseries_1h_batch_Anhui_50406910_2000060121_Anhui_50406910_2021072704.nc
2025-05-29 22:10:26,178 - INFO - 处理流域 50501200，共 36 个文件
2025-05-29 22:10:26,467 - INFO - 已将流域 50501200 的 36 个文件合并为 E:\Takusan_no_Code\Dataset\Processed_Dataset\Dataset_CHINA\Anhui_1H_Merged\timeseries_1h_batch_Anhui_50501200_1977071814_Anhui_50501200_2021081000.nc
2025-05-29 22:10:26,467 - INFO - 处理流域 50701100，共 44 个文件
2025-05-29 22:10:26,838 - INFO - 已将流域 50701100 的 44 个文件合并为 E:\Takusan_no_Code\Dataset\Processed_Dataset\Dataset_CHINA\Anhui_1H_Merged\timeseries_1h_batch_Anhui_50701100_1977081017_Anhui_50701100_2018081600.nc
2025-05-29 22:10:26,839 - INFO - 处理流域 50913900，共 37 个文件
2025-05-29 22:10:27,157 - INFO - 已将流域 50913900 的 37 个文件合并为 E:\Takusan_no_Code\Dataset\Processed_Dataset\Dataset_CHINA\Anhui_1H_Merged\timeseries_1h_batch_Anhui_50913900_1965070102_Anhui_50913900_2021072708.nc
2025-05-29 22:10:27,158 - INFO - 处理流域 51004350，共 21 个文件
2025-05-29 22:10:27,374 - INFO - 已将流域 51004350 的 21 个文件合并为 E:\Takusan_no_Code\Dataset\Processed_Dataset\Dataset_CHINA\Anhui_1H_Merged\timeseries_1h_batch_Anhui_51004350_1980062714_Anhui_51004350_2021072514.nc
2025-05-29 22:10:27,375 - INFO - 处理流域 62549024，共 80 个文件
2025-05-29 22:10:28,121 - INFO - 已将流域 62549024 的 80 个文件合并为 E:\Takusan_no_Code\Dataset\Processed_Dataset\Dataset_CHINA\Anhui_1H_Merged\timeseries_1h_batch_Anhui_62549024_1980073017_Anhui_62549024_2019051416.nc
2025-05-29 22:10:28,121 - INFO - 处理流域 62700110，共 27 个文件
2025-05-29 22:10:28,362 - INFO - 已将流域 62700110 的 27 个文件合并为 E:\Takusan_no_Code\Dataset\Processed_Dataset\Dataset_CHINA\Anhui_1H_Merged\timeseries_1h_batch_Anhui_62700110_2002072102_Anhui_62700110_2021081212.nc
2025-05-29 22:10:28,363 - INFO - 处理流域 62700700，共 41 个文件
2025-05-29 22:10:28,724 - INFO - 已将流域 62700700 的 41 个文件合并为 E:\Takusan_no_Code\Dataset\Processed_Dataset\Dataset_CHINA\Anhui_1H_Merged\timeseries_1h_batch_Anhui_62700700_1983050301_Anhui_62700700_2021081110.nc
2025-05-29 22:10:28,725 - INFO - 处理流域 62802400，共 19 个文件
2025-05-29 22:10:28,882 - INFO - 已将流域 62802400 的 19 个文件合并为 E:\Takusan_no_Code\Dataset\Processed_Dataset\Dataset_CHINA\Anhui_1H_Merged\timeseries_1h_batch_Anhui_62802400_1966062713_Anhui_62802400_2021081222.nc
2025-05-29 22:10:28,882 - INFO - 处理流域 62802700，共 62 个文件
2025-05-29 22:10:29,495 - INFO - 已将流域 62802700 的 62 个文件合并为 E:\Takusan_no_Code\Dataset\Processed_Dataset\Dataset_CHINA\Anhui_1H_Merged\timeseries_1h_batch_Anhui_62802700_1963072002_Anhui_62802700_2020071805.nc
2025-05-29 22:10:29,495 - INFO - 处理流域 62803300，共 87 个文件
2025-05-29 22:10:30,349 - INFO - 已将流域 62803300 的 87 个文件合并为 E:\Takusan_no_Code\Dataset\Processed_Dataset\Dataset_CHINA\Anhui_1H_Merged\timeseries_1h_batch_Anhui_62803300_1960051712_Anhui_62803300_2021082417.nc
2025-05-29 22:10:30,349 - INFO - 处理流域 62902000，共 48 个文件
2025-05-29 22:10:30,981 - INFO - 已将流域 62902000 的 48 个文件合并为 E:\Takusan_no_Code\Dataset\Processed_Dataset\Dataset_CHINA\Anhui_1H_Merged\timeseries_1h_batch_Anhui_62902000_1979070805_Anhui_62902000_2021081122.nc
2025-05-29 22:10:30,982 - INFO - 处理流域 62906900，共 40 个文件
2025-05-29 22:10:31,483 - INFO - 已将流域 62906900 的 40 个文件合并为 E:\Takusan_no_Code\Dataset\Processed_Dataset\Dataset_CHINA\Anhui_1H_Merged\timeseries_1h_batch_Anhui_62906900_1989052107_Anhui_62906900_2021070120.nc
2025-05-29 22:10:31,483 - INFO - 处理流域 62907100，共 26 个文件
2025-05-29 22:10:31,742 - INFO - 已将流域 62907100 的 26 个文件合并为 E:\Takusan_no_Code\Dataset\Processed_Dataset\Dataset_CHINA\Anhui_1H_Merged\timeseries_1h_batch_Anhui_62907100_2002061823_Anhui_62907100_2018070521.nc
2025-05-29 22:10:31,743 - INFO - 处理流域 62907600，共 16 个文件
2025-05-29 22:10:31,900 - INFO - 已将流域 62907600 的 16 个文件合并为 E:\Takusan_no_Code\Dataset\Processed_Dataset\Dataset_CHINA\Anhui_1H_Merged\timeseries_1h_batch_Anhui_62907600_1993032323_Anhui_62907600_2011071812.nc
2025-05-29 22:10:31,901 - INFO - 处理流域 62907601，共 14 个文件
2025-05-29 22:10:32,053 - INFO - 已将流域 62907601 的 14 个文件合并为 E:\Takusan_no_Code\Dataset\Processed_Dataset\Dataset_CHINA\Anhui_1H_Merged\timeseries_1h_batch_Anhui_62907601_1994060806_Anhui_62907601_2017062319.nc
2025-05-29 22:10:32,057 - INFO - 处理流域 62909400，共 62 个文件
2025-05-29 22:10:32,783 - INFO - 已将流域 62909400 的 62 个文件合并为 E:\Takusan_no_Code\Dataset\Processed_Dataset\Dataset_CHINA\Anhui_1H_Merged\timeseries_1h_batch_Anhui_62909400_1962051402_Anhui_62909400_2013060615.nc
2025-05-29 22:10:32,784 - INFO - 处理流域 62911200，共 43 个文件
2025-05-29 22:10:33,367 - INFO - 已将流域 62911200 的 43 个文件合并为 E:\Takusan_no_Code\Dataset\Processed_Dataset\Dataset_CHINA\Anhui_1H_Merged\timeseries_1h_batch_Anhui_62911200_1987070209_Anhui_62911200_2015040213.nc
2025-05-29 22:10:33,368 - INFO - 处理流域 62916110，共 21 个文件
2025-05-29 22:10:33,745 - INFO - 已将流域 62916110 的 21 个文件合并为 E:\Takusan_no_Code\Dataset\Processed_Dataset\Dataset_CHINA\Anhui_1H_Merged\timeseries_1h_batch_Anhui_62916110_2013070616_Anhui_62916110_2022032008.nc
2025-05-29 22:10:33,746 - INFO - 处理流域 70112150，共 10 个文件
2025-05-29 22:10:33,850 - INFO - 已将流域 70112150 的 10 个文件合并为 E:\Takusan_no_Code\Dataset\Processed_Dataset\Dataset_CHINA\Anhui_1H_Merged\timeseries_1h_batch_Anhui_70112150_2001060911_Anhui_70112150_2017062309.nc
2025-05-29 22:10:33,850 - INFO - 处理流域 70114100，共 35 个文件
2025-05-29 22:10:34,353 - INFO - 已将流域 70114100 的 35 个文件合并为 E:\Takusan_no_Code\Dataset\Processed_Dataset\Dataset_CHINA\Anhui_1H_Merged\timeseries_1h_batch_Anhui_70114100_2000053006_Anhui_70114100_2017062310.nc
2025-05-29 22:10:34,354 - INFO - 
处理完成！摘要:
2025-05-29 22:10:34,354 - INFO - 成功处理的流域数量: 21
2025-05-29 22:10:34,355 - INFO - 成功处理的流域ID: 50406910, 50501200, 50701100, 50913900, 51004350, 62549024, 62700110, 62700700, 62802400, 62802700, 62803300, 62902000, 62906900, 62907100, 62907600, 62907601, 62909400, 62911200, 62916110, 70112150, 70114100
2025-05-29 22:10:34,355 - INFO - 处理失败的流域数量: 0
2025-05-29 22:10:34,355 - INFO - 处理失败的流域ID: 
2025-05-29 22:10:34,357 - INFO - 处理完成！
2025-05-29 22:29:10,228 - INFO - 共找到 797 个nc文件待处理
2025-05-29 22:29:10,234 - INFO - 共找到 21 个不同的流域
2025-05-29 22:29:10,235 - INFO - 处理流域 50406910，共 28 个文件
2025-05-29 22:29:10,514 - INFO - 已将流域 50406910 的 28 个文件合并为 E:\Takusan_no_Code\Dataset\Processed_Dataset\Dataset_CHINA\Anhui_1H_Merged\timeseries_1h_batch_Anhui_50406910_2000060121_Anhui_50406910_2021072704.nc
2025-05-29 22:29:10,514 - INFO - 处理流域 50501200，共 36 个文件
2025-05-29 22:29:10,804 - INFO - 已将流域 50501200 的 36 个文件合并为 E:\Takusan_no_Code\Dataset\Processed_Dataset\Dataset_CHINA\Anhui_1H_Merged\timeseries_1h_batch_Anhui_50501200_1977071814_Anhui_50501200_2021081000.nc
2025-05-29 22:29:10,804 - INFO - 处理流域 50701100，共 44 个文件
2025-05-29 22:29:11,187 - INFO - 已将流域 50701100 的 44 个文件合并为 E:\Takusan_no_Code\Dataset\Processed_Dataset\Dataset_CHINA\Anhui_1H_Merged\timeseries_1h_batch_Anhui_50701100_1977081017_Anhui_50701100_2018081600.nc
2025-05-29 22:29:11,187 - INFO - 处理流域 50913900，共 37 个文件
2025-05-29 22:29:11,525 - INFO - 已将流域 50913900 的 37 个文件合并为 E:\Takusan_no_Code\Dataset\Processed_Dataset\Dataset_CHINA\Anhui_1H_Merged\timeseries_1h_batch_Anhui_50913900_1965070102_Anhui_50913900_2021072708.nc
2025-05-29 22:29:11,525 - INFO - 处理流域 51004350，共 21 个文件
2025-05-29 22:29:11,724 - INFO - 已将流域 51004350 的 21 个文件合并为 E:\Takusan_no_Code\Dataset\Processed_Dataset\Dataset_CHINA\Anhui_1H_Merged\timeseries_1h_batch_Anhui_51004350_1980062714_Anhui_51004350_2021072514.nc
2025-05-29 22:29:11,724 - INFO - 处理流域 62549024，共 80 个文件
2025-05-29 22:29:12,460 - INFO - 已将流域 62549024 的 80 个文件合并为 E:\Takusan_no_Code\Dataset\Processed_Dataset\Dataset_CHINA\Anhui_1H_Merged\timeseries_1h_batch_Anhui_62549024_1980073017_Anhui_62549024_2019051416.nc
2025-05-29 22:29:12,460 - INFO - 处理流域 62700110，共 27 个文件
2025-05-29 22:29:12,696 - INFO - 已将流域 62700110 的 27 个文件合并为 E:\Takusan_no_Code\Dataset\Processed_Dataset\Dataset_CHINA\Anhui_1H_Merged\timeseries_1h_batch_Anhui_62700110_2002072102_Anhui_62700110_2021081212.nc
2025-05-29 22:29:12,697 - INFO - 处理流域 62700700，共 41 个文件
2025-05-29 22:29:13,047 - INFO - 已将流域 62700700 的 41 个文件合并为 E:\Takusan_no_Code\Dataset\Processed_Dataset\Dataset_CHINA\Anhui_1H_Merged\timeseries_1h_batch_Anhui_62700700_1983050301_Anhui_62700700_2021081110.nc
2025-05-29 22:29:13,047 - INFO - 处理流域 62802400，共 19 个文件
2025-05-29 22:29:13,206 - INFO - 已将流域 62802400 的 19 个文件合并为 E:\Takusan_no_Code\Dataset\Processed_Dataset\Dataset_CHINA\Anhui_1H_Merged\timeseries_1h_batch_Anhui_62802400_1966062713_Anhui_62802400_2021081222.nc
2025-05-29 22:29:13,206 - INFO - 处理流域 62802700，共 62 个文件
2025-05-29 22:29:13,825 - INFO - 已将流域 62802700 的 62 个文件合并为 E:\Takusan_no_Code\Dataset\Processed_Dataset\Dataset_CHINA\Anhui_1H_Merged\timeseries_1h_batch_Anhui_62802700_1963072002_Anhui_62802700_2020071805.nc
2025-05-29 22:29:13,826 - INFO - 处理流域 62803300，共 87 个文件
2025-05-29 22:29:14,609 - INFO - 已将流域 62803300 的 87 个文件合并为 E:\Takusan_no_Code\Dataset\Processed_Dataset\Dataset_CHINA\Anhui_1H_Merged\timeseries_1h_batch_Anhui_62803300_1960051712_Anhui_62803300_2021082417.nc
2025-05-29 22:29:14,609 - INFO - 处理流域 62902000，共 48 个文件
2025-05-29 22:29:15,062 - INFO - 已将流域 62902000 的 48 个文件合并为 E:\Takusan_no_Code\Dataset\Processed_Dataset\Dataset_CHINA\Anhui_1H_Merged\timeseries_1h_batch_Anhui_62902000_1979070805_Anhui_62902000_2021081122.nc
2025-05-29 22:29:15,062 - INFO - 处理流域 62906900，共 40 个文件
2025-05-29 22:29:15,495 - INFO - 已将流域 62906900 的 40 个文件合并为 E:\Takusan_no_Code\Dataset\Processed_Dataset\Dataset_CHINA\Anhui_1H_Merged\timeseries_1h_batch_Anhui_62906900_1989052107_Anhui_62906900_2021070120.nc
2025-05-29 22:29:15,496 - INFO - 处理流域 62907100，共 26 个文件
2025-05-29 22:29:15,711 - INFO - 已将流域 62907100 的 26 个文件合并为 E:\Takusan_no_Code\Dataset\Processed_Dataset\Dataset_CHINA\Anhui_1H_Merged\timeseries_1h_batch_Anhui_62907100_2002061823_Anhui_62907100_2018070521.nc
2025-05-29 22:29:15,712 - INFO - 处理流域 62907600，共 16 个文件
2025-05-29 22:29:15,845 - INFO - 已将流域 62907600 的 16 个文件合并为 E:\Takusan_no_Code\Dataset\Processed_Dataset\Dataset_CHINA\Anhui_1H_Merged\timeseries_1h_batch_Anhui_62907600_1993032323_Anhui_62907600_2011071812.nc
2025-05-29 22:29:15,845 - INFO - 处理流域 62907601，共 14 个文件
2025-05-29 22:29:15,993 - INFO - 已将流域 62907601 的 14 个文件合并为 E:\Takusan_no_Code\Dataset\Processed_Dataset\Dataset_CHINA\Anhui_1H_Merged\timeseries_1h_batch_Anhui_62907601_1994060806_Anhui_62907601_2017062319.nc
2025-05-29 22:29:15,993 - INFO - 处理流域 62909400，共 62 个文件
2025-05-29 22:29:16,618 - INFO - 已将流域 62909400 的 62 个文件合并为 E:\Takusan_no_Code\Dataset\Processed_Dataset\Dataset_CHINA\Anhui_1H_Merged\timeseries_1h_batch_Anhui_62909400_1962051402_Anhui_62909400_2013060615.nc
2025-05-29 22:29:16,618 - INFO - 处理流域 62911200，共 43 个文件
2025-05-29 22:29:16,999 - INFO - 已将流域 62911200 的 43 个文件合并为 E:\Takusan_no_Code\Dataset\Processed_Dataset\Dataset_CHINA\Anhui_1H_Merged\timeseries_1h_batch_Anhui_62911200_1987070209_Anhui_62911200_2015040213.nc
2025-05-29 22:29:16,999 - INFO - 处理流域 62916110，共 21 个文件
2025-05-29 22:29:17,191 - INFO - 已将流域 62916110 的 21 个文件合并为 E:\Takusan_no_Code\Dataset\Processed_Dataset\Dataset_CHINA\Anhui_1H_Merged\timeseries_1h_batch_Anhui_62916110_2013070616_Anhui_62916110_2022032008.nc
2025-05-29 22:29:17,192 - INFO - 处理流域 70112150，共 10 个文件
2025-05-29 22:29:17,278 - INFO - 已将流域 70112150 的 10 个文件合并为 E:\Takusan_no_Code\Dataset\Processed_Dataset\Dataset_CHINA\Anhui_1H_Merged\timeseries_1h_batch_Anhui_70112150_2001060911_Anhui_70112150_2017062309.nc
2025-05-29 22:29:17,278 - INFO - 处理流域 70114100，共 35 个文件
2025-05-29 22:29:17,649 - INFO - 已将流域 70114100 的 35 个文件合并为 E:\Takusan_no_Code\Dataset\Processed_Dataset\Dataset_CHINA\Anhui_1H_Merged\timeseries_1h_batch_Anhui_70114100_2000053006_Anhui_70114100_2017062310.nc
2025-05-29 22:29:17,650 - INFO - 
处理完成！摘要:
2025-05-29 22:29:17,650 - INFO - 成功处理的流域数量: 21
2025-05-29 22:29:17,651 - INFO - 成功处理的流域ID: 50406910, 50501200, 50701100, 50913900, 51004350, 62549024, 62700110, 62700700, 62802400, 62802700, 62803300, 62902000, 62906900, 62907100, 62907600, 62907601, 62909400, 62911200, 62916110, 70112150, 70114100
2025-05-29 22:29:17,651 - INFO - 处理失败的流域数量: 0
2025-05-29 22:29:17,651 - INFO - 处理失败的流域ID: 
2025-05-29 22:29:17,655 - INFO - 处理完成！
2025-05-29 22:29:51,238 - INFO - 共找到 797 个nc文件待处理
2025-05-29 22:29:51,242 - INFO - 共找到 21 个不同的流域
2025-05-29 22:29:51,242 - INFO - 处理流域 50406910，共 28 个文件
2025-05-29 22:29:51,502 - INFO - 已将流域 50406910 的 28 个文件合并为 E:\Takusan_no_Code\Dataset\Processed_Dataset\Dataset_CHINA\Anhui_1H_Merged\timeseries_1h_batch_Anhui_50406910_2000060121_Anhui_50406910_2021072704.nc
2025-05-29 22:29:51,502 - INFO - 处理流域 50501200，共 36 个文件
2025-05-29 22:29:51,827 - INFO - 已将流域 50501200 的 36 个文件合并为 E:\Takusan_no_Code\Dataset\Processed_Dataset\Dataset_CHINA\Anhui_1H_Merged\timeseries_1h_batch_Anhui_50501200_1977071814_Anhui_50501200_2021081000.nc
2025-05-29 22:29:51,827 - INFO - 处理流域 50701100，共 44 个文件
2025-05-29 22:29:52,242 - INFO - 已将流域 50701100 的 44 个文件合并为 E:\Takusan_no_Code\Dataset\Processed_Dataset\Dataset_CHINA\Anhui_1H_Merged\timeseries_1h_batch_Anhui_50701100_1977081017_Anhui_50701100_2018081600.nc
2025-05-29 22:29:52,242 - INFO - 处理流域 50913900，共 37 个文件
2025-05-29 22:29:52,567 - INFO - 已将流域 50913900 的 37 个文件合并为 E:\Takusan_no_Code\Dataset\Processed_Dataset\Dataset_CHINA\Anhui_1H_Merged\timeseries_1h_batch_Anhui_50913900_1965070102_Anhui_50913900_2021072708.nc
2025-05-29 22:29:52,567 - INFO - 处理流域 51004350，共 21 个文件
2025-05-29 22:29:52,760 - INFO - 已将流域 51004350 的 21 个文件合并为 E:\Takusan_no_Code\Dataset\Processed_Dataset\Dataset_CHINA\Anhui_1H_Merged\timeseries_1h_batch_Anhui_51004350_1980062714_Anhui_51004350_2021072514.nc
2025-05-29 22:29:52,760 - INFO - 处理流域 62549024，共 80 个文件
2025-05-29 22:29:53,536 - INFO - 已将流域 62549024 的 80 个文件合并为 E:\Takusan_no_Code\Dataset\Processed_Dataset\Dataset_CHINA\Anhui_1H_Merged\timeseries_1h_batch_Anhui_62549024_1980073017_Anhui_62549024_2019051416.nc
2025-05-29 22:29:53,537 - INFO - 处理流域 62700110，共 27 个文件
2025-05-29 22:29:53,775 - INFO - 已将流域 62700110 的 27 个文件合并为 E:\Takusan_no_Code\Dataset\Processed_Dataset\Dataset_CHINA\Anhui_1H_Merged\timeseries_1h_batch_Anhui_62700110_2002072102_Anhui_62700110_2021081212.nc
2025-05-29 22:29:53,776 - INFO - 处理流域 62700700，共 41 个文件
2025-05-29 22:29:54,254 - INFO - 已将流域 62700700 的 41 个文件合并为 E:\Takusan_no_Code\Dataset\Processed_Dataset\Dataset_CHINA\Anhui_1H_Merged\timeseries_1h_batch_Anhui_62700700_1983050301_Anhui_62700700_2021081110.nc
2025-05-29 22:29:54,254 - INFO - 处理流域 62802400，共 19 个文件
2025-05-29 22:29:54,451 - INFO - 已将流域 62802400 的 19 个文件合并为 E:\Takusan_no_Code\Dataset\Processed_Dataset\Dataset_CHINA\Anhui_1H_Merged\timeseries_1h_batch_Anhui_62802400_1966062713_Anhui_62802400_2021081222.nc
2025-05-29 22:29:54,452 - INFO - 处理流域 62802700，共 62 个文件
2025-05-29 22:29:55,118 - INFO - 已将流域 62802700 的 62 个文件合并为 E:\Takusan_no_Code\Dataset\Processed_Dataset\Dataset_CHINA\Anhui_1H_Merged\timeseries_1h_batch_Anhui_62802700_1963072002_Anhui_62802700_2020071805.nc
2025-05-29 22:29:55,119 - INFO - 处理流域 62803300，共 87 个文件
2025-05-29 22:29:56,064 - INFO - 已将流域 62803300 的 87 个文件合并为 E:\Takusan_no_Code\Dataset\Processed_Dataset\Dataset_CHINA\Anhui_1H_Merged\timeseries_1h_batch_Anhui_62803300_1960051712_Anhui_62803300_2021082417.nc
2025-05-29 22:29:56,068 - INFO - 处理流域 62902000，共 48 个文件
2025-05-29 22:29:56,589 - INFO - 已将流域 62902000 的 48 个文件合并为 E:\Takusan_no_Code\Dataset\Processed_Dataset\Dataset_CHINA\Anhui_1H_Merged\timeseries_1h_batch_Anhui_62902000_1979070805_Anhui_62902000_2021081122.nc
2025-05-29 22:29:56,589 - INFO - 处理流域 62906900，共 40 个文件
2025-05-29 22:29:56,950 - INFO - 已将流域 62906900 的 40 个文件合并为 E:\Takusan_no_Code\Dataset\Processed_Dataset\Dataset_CHINA\Anhui_1H_Merged\timeseries_1h_batch_Anhui_62906900_1989052107_Anhui_62906900_2021070120.nc
2025-05-29 22:29:56,950 - INFO - 处理流域 62907100，共 26 个文件
2025-05-29 22:29:57,184 - INFO - 已将流域 62907100 的 26 个文件合并为 E:\Takusan_no_Code\Dataset\Processed_Dataset\Dataset_CHINA\Anhui_1H_Merged\timeseries_1h_batch_Anhui_62907100_2002061823_Anhui_62907100_2018070521.nc
2025-05-29 22:29:57,184 - INFO - 处理流域 62907600，共 16 个文件
2025-05-29 22:29:57,355 - INFO - 已将流域 62907600 的 16 个文件合并为 E:\Takusan_no_Code\Dataset\Processed_Dataset\Dataset_CHINA\Anhui_1H_Merged\timeseries_1h_batch_Anhui_62907600_1993032323_Anhui_62907600_2011071812.nc
2025-05-29 22:29:57,355 - INFO - 处理流域 62907601，共 14 个文件
2025-05-29 22:29:57,494 - INFO - 已将流域 62907601 的 14 个文件合并为 E:\Takusan_no_Code\Dataset\Processed_Dataset\Dataset_CHINA\Anhui_1H_Merged\timeseries_1h_batch_Anhui_62907601_1994060806_Anhui_62907601_2017062319.nc
2025-05-29 22:29:57,495 - INFO - 处理流域 62909400，共 62 个文件
2025-05-29 22:29:58,239 - INFO - 已将流域 62909400 的 62 个文件合并为 E:\Takusan_no_Code\Dataset\Processed_Dataset\Dataset_CHINA\Anhui_1H_Merged\timeseries_1h_batch_Anhui_62909400_1962051402_Anhui_62909400_2013060615.nc
2025-05-29 22:29:58,239 - INFO - 处理流域 62911200，共 43 个文件
2025-05-29 22:29:58,759 - INFO - 已将流域 62911200 的 43 个文件合并为 E:\Takusan_no_Code\Dataset\Processed_Dataset\Dataset_CHINA\Anhui_1H_Merged\timeseries_1h_batch_Anhui_62911200_1987070209_Anhui_62911200_2015040213.nc
2025-05-29 22:29:58,759 - INFO - 处理流域 62916110，共 21 个文件
2025-05-29 22:29:59,254 - INFO - 已将流域 62916110 的 21 个文件合并为 E:\Takusan_no_Code\Dataset\Processed_Dataset\Dataset_CHINA\Anhui_1H_Merged\timeseries_1h_batch_Anhui_62916110_2013070616_Anhui_62916110_2022032008.nc
2025-05-29 22:29:59,254 - INFO - 处理流域 70112150，共 10 个文件
2025-05-29 22:29:59,519 - INFO - 已将流域 70112150 的 10 个文件合并为 E:\Takusan_no_Code\Dataset\Processed_Dataset\Dataset_CHINA\Anhui_1H_Merged\timeseries_1h_batch_Anhui_70112150_2001060911_Anhui_70112150_2017062309.nc
2025-05-29 22:29:59,519 - INFO - 处理流域 70114100，共 35 个文件
2025-05-29 22:30:00,774 - INFO - 已将流域 70114100 的 35 个文件合并为 E:\Takusan_no_Code\Dataset\Processed_Dataset\Dataset_CHINA\Anhui_1H_Merged\timeseries_1h_batch_Anhui_70114100_2000053006_Anhui_70114100_2017062310.nc
2025-05-29 22:30:00,774 - INFO - 
处理完成！摘要:
2025-05-29 22:30:00,778 - INFO - 成功处理的流域数量: 21
2025-05-29 22:30:00,779 - INFO - 成功处理的流域ID: 50406910, 50501200, 50701100, 50913900, 51004350, 62549024, 62700110, 62700700, 62802400, 62802700, 62803300, 62902000, 62906900, 62907100, 62907600, 62907601, 62909400, 62911200, 62916110, 70112150, 70114100
2025-05-29 22:30:00,780 - INFO - 处理失败的流域数量: 0
2025-05-29 22:30:00,780 - INFO - 处理失败的流域ID: 
2025-05-29 22:30:00,784 - INFO - 处理完成！
2025-05-29 22:36:24,790 - INFO - 共找到 797 个nc文件待处理
2025-05-29 22:36:24,793 - INFO - 共找到 21 个不同的流域
2025-05-29 22:36:24,793 - INFO - 处理流域 50406910，共 28 个文件
2025-05-29 22:36:25,101 - INFO - 已将流域 50406910 的 28 个文件合并为 E:\Takusan_no_Code\Dataset\Processed_Dataset\Dataset_CHINA\Anhui_1H_Merged\timeseries_1h_batch_Anhui_50406910_2000060121_Anhui_50406910_2021072704.nc
2025-05-29 22:36:25,101 - INFO - 处理流域 50501200，共 36 个文件
2025-05-29 22:36:25,399 - INFO - 已将流域 50501200 的 36 个文件合并为 E:\Takusan_no_Code\Dataset\Processed_Dataset\Dataset_CHINA\Anhui_1H_Merged\timeseries_1h_batch_Anhui_50501200_1977071814_Anhui_50501200_2021081000.nc
2025-05-29 22:36:25,399 - INFO - 处理流域 50701100，共 44 个文件
2025-05-29 22:36:25,781 - INFO - 已将流域 50701100 的 44 个文件合并为 E:\Takusan_no_Code\Dataset\Processed_Dataset\Dataset_CHINA\Anhui_1H_Merged\timeseries_1h_batch_Anhui_50701100_1977081017_Anhui_50701100_2018081600.nc
2025-05-29 22:36:25,785 - INFO - 处理流域 50913900，共 37 个文件
2025-05-29 22:36:26,107 - INFO - 已将流域 50913900 的 37 个文件合并为 E:\Takusan_no_Code\Dataset\Processed_Dataset\Dataset_CHINA\Anhui_1H_Merged\timeseries_1h_batch_Anhui_50913900_1965070102_Anhui_50913900_2021072708.nc
2025-05-29 22:36:26,108 - INFO - 处理流域 51004350，共 21 个文件
2025-05-29 22:36:26,315 - INFO - 已将流域 51004350 的 21 个文件合并为 E:\Takusan_no_Code\Dataset\Processed_Dataset\Dataset_CHINA\Anhui_1H_Merged\timeseries_1h_batch_Anhui_51004350_1980062714_Anhui_51004350_2021072514.nc
2025-05-29 22:36:26,315 - INFO - 处理流域 62549024，共 80 个文件
2025-05-29 22:36:27,103 - INFO - 已将流域 62549024 的 80 个文件合并为 E:\Takusan_no_Code\Dataset\Processed_Dataset\Dataset_CHINA\Anhui_1H_Merged\timeseries_1h_batch_Anhui_62549024_1980073017_Anhui_62549024_2019051416.nc
2025-05-29 22:36:27,103 - INFO - 处理流域 62700110，共 27 个文件
2025-05-29 22:36:27,339 - INFO - 已将流域 62700110 的 27 个文件合并为 E:\Takusan_no_Code\Dataset\Processed_Dataset\Dataset_CHINA\Anhui_1H_Merged\timeseries_1h_batch_Anhui_62700110_2002072102_Anhui_62700110_2021081212.nc
2025-05-29 22:36:27,339 - INFO - 处理流域 62700700，共 41 个文件
2025-05-29 22:36:27,707 - INFO - 已将流域 62700700 的 41 个文件合并为 E:\Takusan_no_Code\Dataset\Processed_Dataset\Dataset_CHINA\Anhui_1H_Merged\timeseries_1h_batch_Anhui_62700700_1983050301_Anhui_62700700_2021081110.nc
2025-05-29 22:36:27,707 - INFO - 处理流域 62802400，共 19 个文件
2025-05-29 22:36:27,873 - INFO - 已将流域 62802400 的 19 个文件合并为 E:\Takusan_no_Code\Dataset\Processed_Dataset\Dataset_CHINA\Anhui_1H_Merged\timeseries_1h_batch_Anhui_62802400_1966062713_Anhui_62802400_2021081222.nc
2025-05-29 22:36:27,873 - INFO - 处理流域 62802700，共 62 个文件
2025-05-29 22:36:28,546 - INFO - 已将流域 62802700 的 62 个文件合并为 E:\Takusan_no_Code\Dataset\Processed_Dataset\Dataset_CHINA\Anhui_1H_Merged\timeseries_1h_batch_Anhui_62802700_1963072002_Anhui_62802700_2020071805.nc
2025-05-29 22:36:28,546 - INFO - 处理流域 62803300，共 87 个文件
2025-05-29 22:36:29,288 - INFO - 已将流域 62803300 的 87 个文件合并为 E:\Takusan_no_Code\Dataset\Processed_Dataset\Dataset_CHINA\Anhui_1H_Merged\timeseries_1h_batch_Anhui_62803300_1960051712_Anhui_62803300_2021082417.nc
2025-05-29 22:36:29,288 - INFO - 处理流域 62902000，共 48 个文件
2025-05-29 22:36:29,737 - INFO - 已将流域 62902000 的 48 个文件合并为 E:\Takusan_no_Code\Dataset\Processed_Dataset\Dataset_CHINA\Anhui_1H_Merged\timeseries_1h_batch_Anhui_62902000_1979070805_Anhui_62902000_2021081122.nc
2025-05-29 22:36:29,738 - INFO - 处理流域 62906900，共 40 个文件
2025-05-29 22:36:30,067 - INFO - 已将流域 62906900 的 40 个文件合并为 E:\Takusan_no_Code\Dataset\Processed_Dataset\Dataset_CHINA\Anhui_1H_Merged\timeseries_1h_batch_Anhui_62906900_1989052107_Anhui_62906900_2021070120.nc
2025-05-29 22:36:30,068 - INFO - 处理流域 62907100，共 26 个文件
2025-05-29 22:36:30,336 - INFO - 已将流域 62907100 的 26 个文件合并为 E:\Takusan_no_Code\Dataset\Processed_Dataset\Dataset_CHINA\Anhui_1H_Merged\timeseries_1h_batch_Anhui_62907100_2002061823_Anhui_62907100_2018070521.nc
2025-05-29 22:36:30,337 - INFO - 处理流域 62907600，共 16 个文件
2025-05-29 22:36:30,562 - INFO - 已将流域 62907600 的 16 个文件合并为 E:\Takusan_no_Code\Dataset\Processed_Dataset\Dataset_CHINA\Anhui_1H_Merged\timeseries_1h_batch_Anhui_62907600_1993032323_Anhui_62907600_2011071812.nc
2025-05-29 22:36:30,562 - INFO - 处理流域 62907601，共 14 个文件
2025-05-29 22:36:30,718 - INFO - 已将流域 62907601 的 14 个文件合并为 E:\Takusan_no_Code\Dataset\Processed_Dataset\Dataset_CHINA\Anhui_1H_Merged\timeseries_1h_batch_Anhui_62907601_1994060806_Anhui_62907601_2017062319.nc
2025-05-29 22:36:30,718 - INFO - 处理流域 62909400，共 62 个文件
2025-05-29 22:36:31,294 - INFO - 已将流域 62909400 的 62 个文件合并为 E:\Takusan_no_Code\Dataset\Processed_Dataset\Dataset_CHINA\Anhui_1H_Merged\timeseries_1h_batch_Anhui_62909400_1962051402_Anhui_62909400_2013060615.nc
2025-05-29 22:36:31,294 - INFO - 处理流域 62911200，共 43 个文件
2025-05-29 22:36:31,679 - INFO - 已将流域 62911200 的 43 个文件合并为 E:\Takusan_no_Code\Dataset\Processed_Dataset\Dataset_CHINA\Anhui_1H_Merged\timeseries_1h_batch_Anhui_62911200_1987070209_Anhui_62911200_2015040213.nc
2025-05-29 22:36:31,686 - INFO - 处理流域 62916110，共 21 个文件
2025-05-29 22:36:31,866 - INFO - 已将流域 62916110 的 21 个文件合并为 E:\Takusan_no_Code\Dataset\Processed_Dataset\Dataset_CHINA\Anhui_1H_Merged\timeseries_1h_batch_Anhui_62916110_2013070616_Anhui_62916110_2022032008.nc
2025-05-29 22:36:31,866 - INFO - 处理流域 70112150，共 10 个文件
2025-05-29 22:36:31,950 - INFO - 已将流域 70112150 的 10 个文件合并为 E:\Takusan_no_Code\Dataset\Processed_Dataset\Dataset_CHINA\Anhui_1H_Merged\timeseries_1h_batch_Anhui_70112150_2001060911_Anhui_70112150_2017062309.nc
2025-05-29 22:36:31,951 - INFO - 处理流域 70114100，共 35 个文件
2025-05-29 22:36:32,298 - INFO - 已将流域 70114100 的 35 个文件合并为 E:\Takusan_no_Code\Dataset\Processed_Dataset\Dataset_CHINA\Anhui_1H_Merged\timeseries_1h_batch_Anhui_70114100_2000053006_Anhui_70114100_2017062310.nc
2025-05-29 22:36:32,298 - INFO - 
处理完成！摘要:
2025-05-29 22:36:32,298 - INFO - 成功处理的流域数量: 21
2025-05-29 22:36:32,298 - INFO - 成功处理的流域ID: 50406910, 50501200, 50701100, 50913900, 51004350, 62549024, 62700110, 62700700, 62802400, 62802700, 62803300, 62902000, 62906900, 62907100, 62907600, 62907601, 62909400, 62911200, 62916110, 70112150, 70114100
2025-05-29 22:36:32,298 - INFO - 处理失败的流域数量: 0
2025-05-29 22:36:32,298 - INFO - 处理失败的流域ID: 
2025-05-29 22:36:32,299 - INFO - 处理完成！
2025-05-29 22:43:56,217 - INFO - 共找到 797 个nc文件待处理
2025-05-29 22:43:56,220 - INFO - 共找到 21 个不同的流域
2025-05-29 22:43:56,220 - INFO - 处理流域 50406910，共 28 个文件
2025-05-29 22:43:56,476 - INFO - 已将流域 50406910 的 28 个文件合并为 E:\Takusan_no_Code\Dataset\Processed_Dataset\Dataset_CHINA\Anhui_1H_Merged\timeseries_1h_batch_Anhui_50406910_2000060121_Anhui_50406910_2021072704.nc
2025-05-29 22:43:56,477 - INFO - 处理流域 50501200，共 36 个文件
2025-05-29 22:43:56,773 - INFO - 已将流域 50501200 的 36 个文件合并为 E:\Takusan_no_Code\Dataset\Processed_Dataset\Dataset_CHINA\Anhui_1H_Merged\timeseries_1h_batch_Anhui_50501200_1977071814_Anhui_50501200_2021081000.nc
2025-05-29 22:43:56,773 - INFO - 处理流域 50701100，共 44 个文件
2025-05-29 22:43:57,197 - INFO - 已将流域 50701100 的 44 个文件合并为 E:\Takusan_no_Code\Dataset\Processed_Dataset\Dataset_CHINA\Anhui_1H_Merged\timeseries_1h_batch_Anhui_50701100_1977081017_Anhui_50701100_2018081600.nc
2025-05-29 22:43:57,197 - INFO - 处理流域 50913900，共 37 个文件
2025-05-29 22:43:57,512 - INFO - 已将流域 50913900 的 37 个文件合并为 E:\Takusan_no_Code\Dataset\Processed_Dataset\Dataset_CHINA\Anhui_1H_Merged\timeseries_1h_batch_Anhui_50913900_1965070102_Anhui_50913900_2021072708.nc
2025-05-29 22:43:57,512 - INFO - 处理流域 51004350，共 21 个文件
2025-05-29 22:43:57,718 - INFO - 已将流域 51004350 的 21 个文件合并为 E:\Takusan_no_Code\Dataset\Processed_Dataset\Dataset_CHINA\Anhui_1H_Merged\timeseries_1h_batch_Anhui_51004350_1980062714_Anhui_51004350_2021072514.nc
2025-05-29 22:43:57,718 - INFO - 处理流域 62549024，共 80 个文件
2025-05-29 22:43:58,543 - INFO - 已将流域 62549024 的 80 个文件合并为 E:\Takusan_no_Code\Dataset\Processed_Dataset\Dataset_CHINA\Anhui_1H_Merged\timeseries_1h_batch_Anhui_62549024_1980073017_Anhui_62549024_2019051416.nc
2025-05-29 22:43:58,543 - INFO - 处理流域 62700110，共 27 个文件
2025-05-29 22:43:58,846 - INFO - 已将流域 62700110 的 27 个文件合并为 E:\Takusan_no_Code\Dataset\Processed_Dataset\Dataset_CHINA\Anhui_1H_Merged\timeseries_1h_batch_Anhui_62700110_2002072102_Anhui_62700110_2021081212.nc
2025-05-29 22:43:58,846 - INFO - 处理流域 62700700，共 41 个文件
2025-05-29 22:43:59,287 - INFO - 已将流域 62700700 的 41 个文件合并为 E:\Takusan_no_Code\Dataset\Processed_Dataset\Dataset_CHINA\Anhui_1H_Merged\timeseries_1h_batch_Anhui_62700700_1983050301_Anhui_62700700_2021081110.nc
2025-05-29 22:43:59,287 - INFO - 处理流域 62802400，共 19 个文件
2025-05-29 22:43:59,461 - INFO - 已将流域 62802400 的 19 个文件合并为 E:\Takusan_no_Code\Dataset\Processed_Dataset\Dataset_CHINA\Anhui_1H_Merged\timeseries_1h_batch_Anhui_62802400_1966062713_Anhui_62802400_2021081222.nc
2025-05-29 22:43:59,461 - INFO - 处理流域 62802700，共 62 个文件
2025-05-29 22:44:00,109 - INFO - 已将流域 62802700 的 62 个文件合并为 E:\Takusan_no_Code\Dataset\Processed_Dataset\Dataset_CHINA\Anhui_1H_Merged\timeseries_1h_batch_Anhui_62802700_1963072002_Anhui_62802700_2020071805.nc
2025-05-29 22:44:00,109 - INFO - 处理流域 62803300，共 87 个文件
2025-05-29 22:44:00,953 - INFO - 已将流域 62803300 的 87 个文件合并为 E:\Takusan_no_Code\Dataset\Processed_Dataset\Dataset_CHINA\Anhui_1H_Merged\timeseries_1h_batch_Anhui_62803300_1960051712_Anhui_62803300_2021082417.nc
2025-05-29 22:44:00,953 - INFO - 处理流域 62902000，共 48 个文件
2025-05-29 22:44:01,557 - INFO - 已将流域 62902000 的 48 个文件合并为 E:\Takusan_no_Code\Dataset\Processed_Dataset\Dataset_CHINA\Anhui_1H_Merged\timeseries_1h_batch_Anhui_62902000_1979070805_Anhui_62902000_2021081122.nc
2025-05-29 22:44:01,557 - INFO - 处理流域 62906900，共 40 个文件
2025-05-29 22:44:01,970 - INFO - 已将流域 62906900 的 40 个文件合并为 E:\Takusan_no_Code\Dataset\Processed_Dataset\Dataset_CHINA\Anhui_1H_Merged\timeseries_1h_batch_Anhui_62906900_1989052107_Anhui_62906900_2021070120.nc
2025-05-29 22:44:01,971 - INFO - 处理流域 62907100，共 26 个文件
2025-05-29 22:44:02,194 - INFO - 已将流域 62907100 的 26 个文件合并为 E:\Takusan_no_Code\Dataset\Processed_Dataset\Dataset_CHINA\Anhui_1H_Merged\timeseries_1h_batch_Anhui_62907100_2002061823_Anhui_62907100_2018070521.nc
2025-05-29 22:44:02,194 - INFO - 处理流域 62907600，共 16 个文件
2025-05-29 22:44:02,334 - INFO - 已将流域 62907600 的 16 个文件合并为 E:\Takusan_no_Code\Dataset\Processed_Dataset\Dataset_CHINA\Anhui_1H_Merged\timeseries_1h_batch_Anhui_62907600_1993032323_Anhui_62907600_2011071812.nc
2025-05-29 22:44:02,334 - INFO - 处理流域 62907601，共 14 个文件
2025-05-29 22:44:02,576 - INFO - 已将流域 62907601 的 14 个文件合并为 E:\Takusan_no_Code\Dataset\Processed_Dataset\Dataset_CHINA\Anhui_1H_Merged\timeseries_1h_batch_Anhui_62907601_1994060806_Anhui_62907601_2017062319.nc
2025-05-29 22:44:02,576 - INFO - 处理流域 62909400，共 62 个文件
2025-05-29 22:44:03,250 - INFO - 已将流域 62909400 的 62 个文件合并为 E:\Takusan_no_Code\Dataset\Processed_Dataset\Dataset_CHINA\Anhui_1H_Merged\timeseries_1h_batch_Anhui_62909400_1962051402_Anhui_62909400_2013060615.nc
2025-05-29 22:44:03,250 - INFO - 处理流域 62911200，共 43 个文件
2025-05-29 22:44:03,807 - INFO - 已将流域 62911200 的 43 个文件合并为 E:\Takusan_no_Code\Dataset\Processed_Dataset\Dataset_CHINA\Anhui_1H_Merged\timeseries_1h_batch_Anhui_62911200_1987070209_Anhui_62911200_2015040213.nc
2025-05-29 22:44:03,809 - INFO - 处理流域 62916110，共 21 个文件
2025-05-29 22:44:04,668 - INFO - 已将流域 62916110 的 21 个文件合并为 E:\Takusan_no_Code\Dataset\Processed_Dataset\Dataset_CHINA\Anhui_1H_Merged\timeseries_1h_batch_Anhui_62916110_2013070616_Anhui_62916110_2022032008.nc
2025-05-29 22:44:04,671 - INFO - 处理流域 70112150，共 10 个文件
2025-05-29 22:44:04,957 - INFO - 已将流域 70112150 的 10 个文件合并为 E:\Takusan_no_Code\Dataset\Processed_Dataset\Dataset_CHINA\Anhui_1H_Merged\timeseries_1h_batch_Anhui_70112150_2001060911_Anhui_70112150_2017062309.nc
2025-05-29 22:44:04,957 - INFO - 处理流域 70114100，共 35 个文件
2025-05-29 22:44:06,328 - INFO - 已将流域 70114100 的 35 个文件合并为 E:\Takusan_no_Code\Dataset\Processed_Dataset\Dataset_CHINA\Anhui_1H_Merged\timeseries_1h_batch_Anhui_70114100_2000053006_Anhui_70114100_2017062310.nc
2025-05-29 22:44:06,329 - INFO - 
处理完成！摘要:
2025-05-29 22:44:06,330 - INFO - 成功处理的流域数量: 21
2025-05-29 22:44:06,330 - INFO - 成功处理的流域ID: 50406910, 50501200, 50701100, 50913900, 51004350, 62549024, 62700110, 62700700, 62802400, 62802700, 62803300, 62902000, 62906900, 62907100, 62907600, 62907601, 62909400, 62911200, 62916110, 70112150, 70114100
2025-05-29 22:44:06,330 - INFO - 处理失败的流域数量: 0
2025-05-29 22:44:06,331 - INFO - 处理失败的流域ID: 
2025-05-29 22:44:06,334 - INFO - 处理完成！
2025-05-29 22:59:35,810 - INFO - 共找到 797 个nc文件待处理
2025-05-29 22:59:35,815 - INFO - 共找到 21 个不同的流域
2025-05-29 22:59:35,815 - INFO - 处理流域 50406910，共 28 个文件
2025-05-29 22:59:36,091 - INFO - 已将流域 50406910 的 28 个文件合并为 E:\Takusan_no_Code\Dataset\Processed_Dataset\Dataset_CHINA\Anhui_1H_Merged\timeseries_1h_batch_Anhui_50406910_2000060121_Anhui_50406910_2021072704.nc
2025-05-29 22:59:36,091 - INFO - 处理流域 50501200，共 36 个文件
2025-05-29 22:59:36,395 - INFO - 已将流域 50501200 的 36 个文件合并为 E:\Takusan_no_Code\Dataset\Processed_Dataset\Dataset_CHINA\Anhui_1H_Merged\timeseries_1h_batch_Anhui_50501200_1977071814_Anhui_50501200_2021081000.nc
2025-05-29 22:59:36,395 - INFO - 处理流域 50701100，共 44 个文件
2025-05-29 22:59:36,780 - INFO - 已将流域 50701100 的 44 个文件合并为 E:\Takusan_no_Code\Dataset\Processed_Dataset\Dataset_CHINA\Anhui_1H_Merged\timeseries_1h_batch_Anhui_50701100_1977081017_Anhui_50701100_2018081600.nc
2025-05-29 22:59:36,780 - INFO - 处理流域 50913900，共 37 个文件
2025-05-29 22:59:37,094 - INFO - 已将流域 50913900 的 37 个文件合并为 E:\Takusan_no_Code\Dataset\Processed_Dataset\Dataset_CHINA\Anhui_1H_Merged\timeseries_1h_batch_Anhui_50913900_1965070102_Anhui_50913900_2021072708.nc
2025-05-29 22:59:37,094 - INFO - 处理流域 51004350，共 21 个文件
2025-05-29 22:59:37,291 - INFO - 已将流域 51004350 的 21 个文件合并为 E:\Takusan_no_Code\Dataset\Processed_Dataset\Dataset_CHINA\Anhui_1H_Merged\timeseries_1h_batch_Anhui_51004350_1980062714_Anhui_51004350_2021072514.nc
2025-05-29 22:59:37,291 - INFO - 处理流域 62549024，共 80 个文件
2025-05-29 22:59:38,060 - INFO - 已将流域 62549024 的 80 个文件合并为 E:\Takusan_no_Code\Dataset\Processed_Dataset\Dataset_CHINA\Anhui_1H_Merged\timeseries_1h_batch_Anhui_62549024_1980073017_Anhui_62549024_2019051416.nc
2025-05-29 22:59:38,060 - INFO - 处理流域 62700110，共 27 个文件
2025-05-29 22:59:38,301 - INFO - 已将流域 62700110 的 27 个文件合并为 E:\Takusan_no_Code\Dataset\Processed_Dataset\Dataset_CHINA\Anhui_1H_Merged\timeseries_1h_batch_Anhui_62700110_2002072102_Anhui_62700110_2021081212.nc
2025-05-29 22:59:38,301 - INFO - 处理流域 62700700，共 41 个文件
2025-05-29 22:59:38,651 - INFO - 已将流域 62700700 的 41 个文件合并为 E:\Takusan_no_Code\Dataset\Processed_Dataset\Dataset_CHINA\Anhui_1H_Merged\timeseries_1h_batch_Anhui_62700700_1983050301_Anhui_62700700_2021081110.nc
2025-05-29 22:59:38,651 - INFO - 处理流域 62802400，共 19 个文件
2025-05-29 22:59:38,841 - INFO - 已将流域 62802400 的 19 个文件合并为 E:\Takusan_no_Code\Dataset\Processed_Dataset\Dataset_CHINA\Anhui_1H_Merged\timeseries_1h_batch_Anhui_62802400_1966062713_Anhui_62802400_2021081222.nc
2025-05-29 22:59:38,841 - INFO - 处理流域 62802700，共 62 个文件
2025-05-29 22:59:39,406 - INFO - 已将流域 62802700 的 62 个文件合并为 E:\Takusan_no_Code\Dataset\Processed_Dataset\Dataset_CHINA\Anhui_1H_Merged\timeseries_1h_batch_Anhui_62802700_1963072002_Anhui_62802700_2020071805.nc
2025-05-29 22:59:39,407 - INFO - 处理流域 62803300，共 87 个文件
2025-05-29 22:59:40,130 - INFO - 已将流域 62803300 的 87 个文件合并为 E:\Takusan_no_Code\Dataset\Processed_Dataset\Dataset_CHINA\Anhui_1H_Merged\timeseries_1h_batch_Anhui_62803300_1960051712_Anhui_62803300_2021082417.nc
2025-05-29 22:59:40,130 - INFO - 处理流域 62902000，共 48 个文件
2025-05-29 22:59:40,605 - INFO - 已将流域 62902000 的 48 个文件合并为 E:\Takusan_no_Code\Dataset\Processed_Dataset\Dataset_CHINA\Anhui_1H_Merged\timeseries_1h_batch_Anhui_62902000_1979070805_Anhui_62902000_2021081122.nc
2025-05-29 22:59:40,605 - INFO - 处理流域 62906900，共 40 个文件
2025-05-29 22:59:40,972 - INFO - 已将流域 62906900 的 40 个文件合并为 E:\Takusan_no_Code\Dataset\Processed_Dataset\Dataset_CHINA\Anhui_1H_Merged\timeseries_1h_batch_Anhui_62906900_1989052107_Anhui_62906900_2021070120.nc
2025-05-29 22:59:40,972 - INFO - 处理流域 62907100，共 26 个文件
2025-05-29 22:59:41,196 - INFO - 已将流域 62907100 的 26 个文件合并为 E:\Takusan_no_Code\Dataset\Processed_Dataset\Dataset_CHINA\Anhui_1H_Merged\timeseries_1h_batch_Anhui_62907100_2002061823_Anhui_62907100_2018070521.nc
2025-05-29 22:59:41,196 - INFO - 处理流域 62907600，共 16 个文件
2025-05-29 22:59:41,338 - INFO - 已将流域 62907600 的 16 个文件合并为 E:\Takusan_no_Code\Dataset\Processed_Dataset\Dataset_CHINA\Anhui_1H_Merged\timeseries_1h_batch_Anhui_62907600_1993032323_Anhui_62907600_2011071812.nc
2025-05-29 22:59:41,338 - INFO - 处理流域 62907601，共 14 个文件
2025-05-29 22:59:41,502 - INFO - 已将流域 62907601 的 14 个文件合并为 E:\Takusan_no_Code\Dataset\Processed_Dataset\Dataset_CHINA\Anhui_1H_Merged\timeseries_1h_batch_Anhui_62907601_1994060806_Anhui_62907601_2017062319.nc
2025-05-29 22:59:41,502 - INFO - 处理流域 62909400，共 62 个文件
2025-05-29 22:59:42,067 - INFO - 已将流域 62909400 的 62 个文件合并为 E:\Takusan_no_Code\Dataset\Processed_Dataset\Dataset_CHINA\Anhui_1H_Merged\timeseries_1h_batch_Anhui_62909400_1962051402_Anhui_62909400_2013060615.nc
2025-05-29 22:59:42,067 - INFO - 处理流域 62911200，共 43 个文件
2025-05-29 22:59:42,450 - INFO - 已将流域 62911200 的 43 个文件合并为 E:\Takusan_no_Code\Dataset\Processed_Dataset\Dataset_CHINA\Anhui_1H_Merged\timeseries_1h_batch_Anhui_62911200_1987070209_Anhui_62911200_2015040213.nc
2025-05-29 22:59:42,450 - INFO - 处理流域 62916110，共 21 个文件
2025-05-29 22:59:42,639 - INFO - 已将流域 62916110 的 21 个文件合并为 E:\Takusan_no_Code\Dataset\Processed_Dataset\Dataset_CHINA\Anhui_1H_Merged\timeseries_1h_batch_Anhui_62916110_2013070616_Anhui_62916110_2022032008.nc
2025-05-29 22:59:42,639 - INFO - 处理流域 70112150，共 10 个文件
2025-05-29 22:59:42,734 - INFO - 已将流域 70112150 的 10 个文件合并为 E:\Takusan_no_Code\Dataset\Processed_Dataset\Dataset_CHINA\Anhui_1H_Merged\timeseries_1h_batch_Anhui_70112150_2001060911_Anhui_70112150_2017062309.nc
2025-05-29 22:59:42,734 - INFO - 处理流域 70114100，共 35 个文件
2025-05-29 22:59:43,099 - INFO - 已将流域 70114100 的 35 个文件合并为 E:\Takusan_no_Code\Dataset\Processed_Dataset\Dataset_CHINA\Anhui_1H_Merged\timeseries_1h_batch_Anhui_70114100_2000053006_Anhui_70114100_2017062310.nc
2025-05-29 22:59:43,100 - INFO - 
处理完成！摘要:
2025-05-29 22:59:43,100 - INFO - 成功处理的流域数量: 21
2025-05-29 22:59:43,101 - INFO - 成功处理的流域ID: 50406910, 50501200, 50701100, 50913900, 51004350, 62549024, 62700110, 62700700, 62802400, 62802700, 62803300, 62902000, 62906900, 62907100, 62907600, 62907601, 62909400, 62911200, 62916110, 70112150, 70114100
2025-05-29 22:59:43,101 - INFO - 处理失败的流域数量: 0
2025-05-29 22:59:43,101 - INFO - 处理失败的流域ID: 
2025-05-29 22:59:43,102 - INFO - 处理完成！
2025-05-29 23:13:50,158 - INFO - 共找到 797 个nc文件待处理
2025-05-29 23:13:50,160 - INFO - 共找到 21 个不同的流域
2025-05-29 23:13:50,161 - INFO - 处理流域 50406910，共 28 个文件
2025-05-29 23:13:50,432 - INFO - 已将流域 50406910 的 28 个文件合并为 E:\Takusan_no_Code\Dataset\Processed_Dataset\Dataset_CHINA\Anhui_1H_Merged\timeseries_1h_batch_Anhui_50406910_2000060121_Anhui_50406910_2021072704.nc
2025-05-29 23:13:50,432 - INFO - 处理流域 50501200，共 36 个文件
2025-05-29 23:13:50,714 - INFO - 已将流域 50501200 的 36 个文件合并为 E:\Takusan_no_Code\Dataset\Processed_Dataset\Dataset_CHINA\Anhui_1H_Merged\timeseries_1h_batch_Anhui_50501200_1977071814_Anhui_50501200_2021081000.nc
2025-05-29 23:13:50,714 - INFO - 处理流域 50701100，共 44 个文件
2025-05-29 23:13:51,109 - INFO - 已将流域 50701100 的 44 个文件合并为 E:\Takusan_no_Code\Dataset\Processed_Dataset\Dataset_CHINA\Anhui_1H_Merged\timeseries_1h_batch_Anhui_50701100_1977081017_Anhui_50701100_2018081600.nc
2025-05-29 23:13:51,109 - INFO - 处理流域 50913900，共 37 个文件
2025-05-29 23:13:51,428 - INFO - 已将流域 50913900 的 37 个文件合并为 E:\Takusan_no_Code\Dataset\Processed_Dataset\Dataset_CHINA\Anhui_1H_Merged\timeseries_1h_batch_Anhui_50913900_1965070102_Anhui_50913900_2021072708.nc
2025-05-29 23:13:51,428 - INFO - 处理流域 51004350，共 21 个文件
2025-05-29 23:13:51,672 - INFO - 已将流域 51004350 的 21 个文件合并为 E:\Takusan_no_Code\Dataset\Processed_Dataset\Dataset_CHINA\Anhui_1H_Merged\timeseries_1h_batch_Anhui_51004350_1980062714_Anhui_51004350_2021072514.nc
2025-05-29 23:13:51,672 - INFO - 处理流域 62549024，共 80 个文件
2025-05-29 23:13:52,474 - INFO - 已将流域 62549024 的 80 个文件合并为 E:\Takusan_no_Code\Dataset\Processed_Dataset\Dataset_CHINA\Anhui_1H_Merged\timeseries_1h_batch_Anhui_62549024_1980073017_Anhui_62549024_2019051416.nc
2025-05-29 23:13:52,476 - INFO - 处理流域 62700110，共 27 个文件
2025-05-29 23:13:52,707 - INFO - 已将流域 62700110 的 27 个文件合并为 E:\Takusan_no_Code\Dataset\Processed_Dataset\Dataset_CHINA\Anhui_1H_Merged\timeseries_1h_batch_Anhui_62700110_2002072102_Anhui_62700110_2021081212.nc
2025-05-29 23:13:52,707 - INFO - 处理流域 62700700，共 41 个文件
2025-05-29 23:13:53,054 - INFO - 已将流域 62700700 的 41 个文件合并为 E:\Takusan_no_Code\Dataset\Processed_Dataset\Dataset_CHINA\Anhui_1H_Merged\timeseries_1h_batch_Anhui_62700700_1983050301_Anhui_62700700_2021081110.nc
2025-05-29 23:13:53,054 - INFO - 处理流域 62802400，共 19 个文件
2025-05-29 23:13:53,214 - INFO - 已将流域 62802400 的 19 个文件合并为 E:\Takusan_no_Code\Dataset\Processed_Dataset\Dataset_CHINA\Anhui_1H_Merged\timeseries_1h_batch_Anhui_62802400_1966062713_Anhui_62802400_2021081222.nc
2025-05-29 23:13:53,214 - INFO - 处理流域 62802700，共 62 个文件
2025-05-29 23:13:53,809 - INFO - 已将流域 62802700 的 62 个文件合并为 E:\Takusan_no_Code\Dataset\Processed_Dataset\Dataset_CHINA\Anhui_1H_Merged\timeseries_1h_batch_Anhui_62802700_1963072002_Anhui_62802700_2020071805.nc
2025-05-29 23:13:53,809 - INFO - 处理流域 62803300，共 87 个文件
2025-05-29 23:13:54,576 - INFO - 已将流域 62803300 的 87 个文件合并为 E:\Takusan_no_Code\Dataset\Processed_Dataset\Dataset_CHINA\Anhui_1H_Merged\timeseries_1h_batch_Anhui_62803300_1960051712_Anhui_62803300_2021082417.nc
2025-05-29 23:13:54,576 - INFO - 处理流域 62902000，共 48 个文件
2025-05-29 23:13:55,075 - INFO - 已将流域 62902000 的 48 个文件合并为 E:\Takusan_no_Code\Dataset\Processed_Dataset\Dataset_CHINA\Anhui_1H_Merged\timeseries_1h_batch_Anhui_62902000_1979070805_Anhui_62902000_2021081122.nc
2025-05-29 23:13:55,077 - INFO - 处理流域 62906900，共 40 个文件
2025-05-29 23:13:55,404 - INFO - 已将流域 62906900 的 40 个文件合并为 E:\Takusan_no_Code\Dataset\Processed_Dataset\Dataset_CHINA\Anhui_1H_Merged\timeseries_1h_batch_Anhui_62906900_1989052107_Anhui_62906900_2021070120.nc
2025-05-29 23:13:55,404 - INFO - 处理流域 62907100，共 26 个文件
2025-05-29 23:13:55,688 - INFO - 已将流域 62907100 的 26 个文件合并为 E:\Takusan_no_Code\Dataset\Processed_Dataset\Dataset_CHINA\Anhui_1H_Merged\timeseries_1h_batch_Anhui_62907100_2002061823_Anhui_62907100_2018070521.nc
2025-05-29 23:13:55,688 - INFO - 处理流域 62907600，共 16 个文件
2025-05-29 23:13:55,832 - INFO - 已将流域 62907600 的 16 个文件合并为 E:\Takusan_no_Code\Dataset\Processed_Dataset\Dataset_CHINA\Anhui_1H_Merged\timeseries_1h_batch_Anhui_62907600_1993032323_Anhui_62907600_2011071812.nc
2025-05-29 23:13:55,832 - INFO - 处理流域 62907601，共 14 个文件
2025-05-29 23:13:55,962 - INFO - 已将流域 62907601 的 14 个文件合并为 E:\Takusan_no_Code\Dataset\Processed_Dataset\Dataset_CHINA\Anhui_1H_Merged\timeseries_1h_batch_Anhui_62907601_1994060806_Anhui_62907601_2017062319.nc
2025-05-29 23:13:55,963 - INFO - 处理流域 62909400，共 62 个文件
2025-05-29 23:13:56,532 - INFO - 已将流域 62909400 的 62 个文件合并为 E:\Takusan_no_Code\Dataset\Processed_Dataset\Dataset_CHINA\Anhui_1H_Merged\timeseries_1h_batch_Anhui_62909400_1962051402_Anhui_62909400_2013060615.nc
2025-05-29 23:13:56,532 - INFO - 处理流域 62911200，共 43 个文件
2025-05-29 23:13:56,925 - INFO - 已将流域 62911200 的 43 个文件合并为 E:\Takusan_no_Code\Dataset\Processed_Dataset\Dataset_CHINA\Anhui_1H_Merged\timeseries_1h_batch_Anhui_62911200_1987070209_Anhui_62911200_2015040213.nc
2025-05-29 23:13:56,925 - INFO - 处理流域 62916110，共 21 个文件
2025-05-29 23:13:57,127 - INFO - 已将流域 62916110 的 21 个文件合并为 E:\Takusan_no_Code\Dataset\Processed_Dataset\Dataset_CHINA\Anhui_1H_Merged\timeseries_1h_batch_Anhui_62916110_2013070616_Anhui_62916110_2022032008.nc
2025-05-29 23:13:57,128 - INFO - 处理流域 70112150，共 10 个文件
2025-05-29 23:13:57,219 - INFO - 已将流域 70112150 的 10 个文件合并为 E:\Takusan_no_Code\Dataset\Processed_Dataset\Dataset_CHINA\Anhui_1H_Merged\timeseries_1h_batch_Anhui_70112150_2001060911_Anhui_70112150_2017062309.nc
2025-05-29 23:13:57,219 - INFO - 处理流域 70114100，共 35 个文件
2025-05-29 23:13:57,603 - INFO - 已将流域 70114100 的 35 个文件合并为 E:\Takusan_no_Code\Dataset\Processed_Dataset\Dataset_CHINA\Anhui_1H_Merged\timeseries_1h_batch_Anhui_70114100_2000053006_Anhui_70114100_2017062310.nc
2025-05-29 23:13:57,603 - INFO - 
处理完成！摘要:
2025-05-29 23:13:57,605 - INFO - 成功处理的流域数量: 21
2025-05-29 23:13:57,605 - INFO - 成功处理的流域ID: 50406910, 50501200, 50701100, 50913900, 51004350, 62549024, 62700110, 62700700, 62802400, 62802700, 62803300, 62902000, 62906900, 62907100, 62907600, 62907601, 62909400, 62911200, 62916110, 70112150, 70114100
2025-05-29 23:13:57,605 - INFO - 处理失败的流域数量: 0
2025-05-29 23:13:57,605 - INFO - 处理失败的流域ID: 
2025-05-29 23:13:57,606 - INFO - 处理完成！
